[2022-02-04 02:22:10,955] {processor.py:163} INFO - Started process (PID=445) to work on /opt/airflow/dags/data_ingestion_taxi_zone.py
[2022-02-04 02:22:10,956] {processor.py:642} INFO - Processing file /opt/airflow/dags/data_ingestion_taxi_zone.py for tasks to queue
[2022-02-04 02:22:10,957] {logging_mixin.py:109} INFO - [2022-02-04 02:22:10,957] {dagbag.py:500} INFO - Filling up the DagBag from /opt/airflow/dags/data_ingestion_taxi_zone.py
[2022-02-04 02:22:11,989] {processor.py:654} INFO - DAG(s) dict_keys(['data_ingestion_w3']) retrieved from /opt/airflow/dags/data_ingestion_taxi_zone.py
[2022-02-04 02:22:12,266] {logging_mixin.py:109} INFO - [2022-02-04 02:22:12,265] {dag.py:2396} INFO - Sync 1 DAGs
[2022-02-04 02:22:12,285] {logging_mixin.py:109} INFO - [2022-02-04 02:22:12,285] {dag.py:2935} INFO - Setting next_dagrun for data_ingestion_w3 to None
[2022-02-04 02:22:12,303] {processor.py:171} INFO - Processing /opt/airflow/dags/data_ingestion_taxi_zone.py took 1.351 seconds
[2022-02-04 02:22:42,805] {processor.py:163} INFO - Started process (PID=500) to work on /opt/airflow/dags/data_ingestion_taxi_zone.py
[2022-02-04 02:22:42,810] {processor.py:642} INFO - Processing file /opt/airflow/dags/data_ingestion_taxi_zone.py for tasks to queue
[2022-02-04 02:22:42,811] {logging_mixin.py:109} INFO - [2022-02-04 02:22:42,811] {dagbag.py:500} INFO - Filling up the DagBag from /opt/airflow/dags/data_ingestion_taxi_zone.py
[2022-02-04 02:22:43,523] {processor.py:654} INFO - DAG(s) dict_keys(['data_ingestion_w3']) retrieved from /opt/airflow/dags/data_ingestion_taxi_zone.py
[2022-02-04 02:22:43,531] {logging_mixin.py:109} INFO - [2022-02-04 02:22:43,531] {dag.py:2396} INFO - Sync 1 DAGs
[2022-02-04 02:22:43,544] {logging_mixin.py:109} INFO - [2022-02-04 02:22:43,544] {dag.py:2935} INFO - Setting next_dagrun for data_ingestion_w3 to None
[2022-02-04 02:22:43,552] {processor.py:171} INFO - Processing /opt/airflow/dags/data_ingestion_taxi_zone.py took 0.750 seconds
[2022-02-04 02:22:48,970] {processor.py:163} INFO - Started process (PID=505) to work on /opt/airflow/dags/data_ingestion_taxi_zone.py
[2022-02-04 02:22:48,972] {processor.py:642} INFO - Processing file /opt/airflow/dags/data_ingestion_taxi_zone.py for tasks to queue
[2022-02-04 02:22:48,972] {logging_mixin.py:109} INFO - [2022-02-04 02:22:48,972] {dagbag.py:500} INFO - Filling up the DagBag from /opt/airflow/dags/data_ingestion_taxi_zone.py
[2022-02-04 02:22:49,958] {processor.py:690} INFO - Deactivated 1 DAGs which are no longer present in /opt/airflow/dags/data_ingestion_taxi_zone.py
[2022-02-04 02:22:49,958] {processor.py:654} INFO - DAG(s) dict_keys(['data_ingestion_taxi_zone']) retrieved from /opt/airflow/dags/data_ingestion_taxi_zone.py
[2022-02-04 02:22:51,889] {logging_mixin.py:109} INFO - [2022-02-04 02:22:51,889] {manager.py:496} INFO - Created Permission View: can edit on DAG:data_ingestion_taxi_zone
[2022-02-04 02:22:51,898] {logging_mixin.py:109} INFO - [2022-02-04 02:22:51,898] {manager.py:496} INFO - Created Permission View: can read on DAG:data_ingestion_taxi_zone
[2022-02-04 02:22:51,898] {logging_mixin.py:109} INFO - [2022-02-04 02:22:51,898] {dag.py:2396} INFO - Sync 1 DAGs
[2022-02-04 02:22:51,906] {logging_mixin.py:109} INFO - [2022-02-04 02:22:51,906] {dag.py:2415} INFO - Creating ORM DAG for data_ingestion_taxi_zone
[2022-02-04 02:22:51,916] {logging_mixin.py:109} INFO - [2022-02-04 02:22:51,916] {dag.py:2935} INFO - Setting next_dagrun for data_ingestion_taxi_zone to 2019-01-01T00:00:00+00:00
[2022-02-04 02:22:51,930] {processor.py:171} INFO - Processing /opt/airflow/dags/data_ingestion_taxi_zone.py took 2.965 seconds
[2022-02-04 02:23:22,037] {processor.py:163} INFO - Started process (PID=555) to work on /opt/airflow/dags/data_ingestion_taxi_zone.py
[2022-02-04 02:23:22,040] {processor.py:642} INFO - Processing file /opt/airflow/dags/data_ingestion_taxi_zone.py for tasks to queue
[2022-02-04 02:23:22,041] {logging_mixin.py:109} INFO - [2022-02-04 02:23:22,041] {dagbag.py:500} INFO - Filling up the DagBag from /opt/airflow/dags/data_ingestion_taxi_zone.py
[2022-02-04 02:23:22,741] {processor.py:654} INFO - DAG(s) dict_keys(['data_ingestion_taxi_zone']) retrieved from /opt/airflow/dags/data_ingestion_taxi_zone.py
[2022-02-04 02:23:22,749] {logging_mixin.py:109} INFO - [2022-02-04 02:23:22,748] {dag.py:2396} INFO - Sync 1 DAGs
[2022-02-04 02:23:22,762] {logging_mixin.py:109} INFO - [2022-02-04 02:23:22,761] {dag.py:2935} INFO - Setting next_dagrun for data_ingestion_taxi_zone to 2019-01-01T00:00:00+00:00
[2022-02-04 02:23:22,769] {processor.py:171} INFO - Processing /opt/airflow/dags/data_ingestion_taxi_zone.py took 0.736 seconds
[2022-02-04 02:23:52,907] {processor.py:163} INFO - Started process (PID=603) to work on /opt/airflow/dags/data_ingestion_taxi_zone.py
[2022-02-04 02:23:52,908] {processor.py:642} INFO - Processing file /opt/airflow/dags/data_ingestion_taxi_zone.py for tasks to queue
[2022-02-04 02:23:52,908] {logging_mixin.py:109} INFO - [2022-02-04 02:23:52,908] {dagbag.py:500} INFO - Filling up the DagBag from /opt/airflow/dags/data_ingestion_taxi_zone.py
[2022-02-04 02:23:53,700] {processor.py:654} INFO - DAG(s) dict_keys(['data_ingestion_taxi_zone']) retrieved from /opt/airflow/dags/data_ingestion_taxi_zone.py
[2022-02-04 02:23:53,708] {logging_mixin.py:109} INFO - [2022-02-04 02:23:53,707] {dag.py:2396} INFO - Sync 1 DAGs
[2022-02-04 02:23:53,721] {logging_mixin.py:109} INFO - [2022-02-04 02:23:53,720] {dag.py:2935} INFO - Setting next_dagrun for data_ingestion_taxi_zone to 2019-01-01T00:00:00+00:00
[2022-02-04 02:23:53,728] {processor.py:171} INFO - Processing /opt/airflow/dags/data_ingestion_taxi_zone.py took 0.826 seconds
[2022-02-04 02:24:03,513] {processor.py:163} INFO - Started process (PID=613) to work on /opt/airflow/dags/data_ingestion_taxi_zone.py
[2022-02-04 02:24:03,515] {processor.py:642} INFO - Processing file /opt/airflow/dags/data_ingestion_taxi_zone.py for tasks to queue
[2022-02-04 02:24:03,516] {logging_mixin.py:109} INFO - [2022-02-04 02:24:03,516] {dagbag.py:500} INFO - Filling up the DagBag from /opt/airflow/dags/data_ingestion_taxi_zone.py
[2022-02-04 02:24:04,591] {processor.py:654} INFO - DAG(s) dict_keys(['data_ingestion_taxi_zone']) retrieved from /opt/airflow/dags/data_ingestion_taxi_zone.py
[2022-02-04 02:24:04,854] {logging_mixin.py:109} INFO - [2022-02-04 02:24:04,854] {dag.py:2396} INFO - Sync 1 DAGs
[2022-02-04 02:24:04,872] {logging_mixin.py:109} INFO - [2022-02-04 02:24:04,872] {dag.py:2935} INFO - Setting next_dagrun for data_ingestion_taxi_zone to 2019-01-01T00:00:00+00:00
[2022-02-04 02:24:04,886] {processor.py:171} INFO - Processing /opt/airflow/dags/data_ingestion_taxi_zone.py took 1.377 seconds
[2022-02-04 02:24:05,702] {processor.py:163} INFO - Started process (PID=631) to work on /opt/airflow/dags/data_ingestion_taxi_zone.py
[2022-02-04 02:24:05,703] {processor.py:642} INFO - Processing file /opt/airflow/dags/data_ingestion_taxi_zone.py for tasks to queue
[2022-02-04 02:24:05,704] {logging_mixin.py:109} INFO - [2022-02-04 02:24:05,704] {dagbag.py:500} INFO - Filling up the DagBag from /opt/airflow/dags/data_ingestion_taxi_zone.py
[2022-02-04 02:24:06,578] {processor.py:654} INFO - DAG(s) dict_keys(['data_ingestion_taxi_zone']) retrieved from /opt/airflow/dags/data_ingestion_taxi_zone.py
[2022-02-04 02:24:06,582] {logging_mixin.py:109} INFO - [2022-02-04 02:24:06,581] {dag.py:2396} INFO - Sync 1 DAGs
[2022-02-04 02:24:06,602] {logging_mixin.py:109} INFO - [2022-02-04 02:24:06,602] {dag.py:2935} INFO - Setting next_dagrun for data_ingestion_taxi_zone to 2019-01-01T00:00:00+00:00
[2022-02-04 02:24:06,616] {processor.py:171} INFO - Processing /opt/airflow/dags/data_ingestion_taxi_zone.py took 0.918 seconds
[2022-02-04 02:24:36,749] {processor.py:163} INFO - Started process (PID=674) to work on /opt/airflow/dags/data_ingestion_taxi_zone.py
[2022-02-04 02:24:36,751] {processor.py:642} INFO - Processing file /opt/airflow/dags/data_ingestion_taxi_zone.py for tasks to queue
[2022-02-04 02:24:36,751] {logging_mixin.py:109} INFO - [2022-02-04 02:24:36,751] {dagbag.py:500} INFO - Filling up the DagBag from /opt/airflow/dags/data_ingestion_taxi_zone.py
[2022-02-04 02:24:37,472] {processor.py:654} INFO - DAG(s) dict_keys(['data_ingestion_taxi_zone']) retrieved from /opt/airflow/dags/data_ingestion_taxi_zone.py
[2022-02-04 02:24:37,479] {logging_mixin.py:109} INFO - [2022-02-04 02:24:37,479] {dag.py:2396} INFO - Sync 1 DAGs
[2022-02-04 02:24:37,495] {logging_mixin.py:109} INFO - [2022-02-04 02:24:37,495] {dag.py:2935} INFO - Setting next_dagrun for data_ingestion_taxi_zone to 2019-01-01T00:00:00+00:00
[2022-02-04 02:24:37,504] {processor.py:171} INFO - Processing /opt/airflow/dags/data_ingestion_taxi_zone.py took 0.760 seconds
[2022-02-04 02:24:54,309] {processor.py:163} INFO - Started process (PID=705) to work on /opt/airflow/dags/data_ingestion_taxi_zone.py
[2022-02-04 02:24:54,310] {processor.py:642} INFO - Processing file /opt/airflow/dags/data_ingestion_taxi_zone.py for tasks to queue
[2022-02-04 02:24:54,311] {logging_mixin.py:109} INFO - [2022-02-04 02:24:54,311] {dagbag.py:500} INFO - Filling up the DagBag from /opt/airflow/dags/data_ingestion_taxi_zone.py
[2022-02-04 02:24:55,030] {processor.py:654} INFO - DAG(s) dict_keys(['data_ingestion_taxi_zone']) retrieved from /opt/airflow/dags/data_ingestion_taxi_zone.py
[2022-02-04 02:24:55,199] {logging_mixin.py:109} INFO - [2022-02-04 02:24:55,199] {dag.py:2396} INFO - Sync 1 DAGs
[2022-02-04 02:24:55,211] {logging_mixin.py:109} INFO - [2022-02-04 02:24:55,211] {dag.py:2935} INFO - Setting next_dagrun for data_ingestion_taxi_zone to 2019-01-01T00:00:00+00:00
[2022-02-04 02:24:55,222] {processor.py:171} INFO - Processing /opt/airflow/dags/data_ingestion_taxi_zone.py took 0.917 seconds
[2022-02-04 02:25:25,360] {processor.py:163} INFO - Started process (PID=747) to work on /opt/airflow/dags/data_ingestion_taxi_zone.py
[2022-02-04 02:25:25,362] {processor.py:642} INFO - Processing file /opt/airflow/dags/data_ingestion_taxi_zone.py for tasks to queue
[2022-02-04 02:25:25,362] {logging_mixin.py:109} INFO - [2022-02-04 02:25:25,362] {dagbag.py:500} INFO - Filling up the DagBag from /opt/airflow/dags/data_ingestion_taxi_zone.py
[2022-02-04 02:25:26,073] {processor.py:654} INFO - DAG(s) dict_keys(['data_ingestion_taxi_zone']) retrieved from /opt/airflow/dags/data_ingestion_taxi_zone.py
[2022-02-04 02:25:26,080] {logging_mixin.py:109} INFO - [2022-02-04 02:25:26,080] {dag.py:2396} INFO - Sync 1 DAGs
[2022-02-04 02:25:26,094] {logging_mixin.py:109} INFO - [2022-02-04 02:25:26,094] {dag.py:2935} INFO - Setting next_dagrun for data_ingestion_taxi_zone to 2019-01-01T00:00:00+00:00
[2022-02-04 02:25:26,101] {processor.py:171} INFO - Processing /opt/airflow/dags/data_ingestion_taxi_zone.py took 0.746 seconds
[2022-02-04 02:25:56,471] {processor.py:163} INFO - Started process (PID=798) to work on /opt/airflow/dags/data_ingestion_taxi_zone.py
[2022-02-04 02:25:56,473] {processor.py:642} INFO - Processing file /opt/airflow/dags/data_ingestion_taxi_zone.py for tasks to queue
[2022-02-04 02:25:56,474] {logging_mixin.py:109} INFO - [2022-02-04 02:25:56,473] {dagbag.py:500} INFO - Filling up the DagBag from /opt/airflow/dags/data_ingestion_taxi_zone.py
[2022-02-04 02:25:57,197] {processor.py:654} INFO - DAG(s) dict_keys(['data_ingestion_taxi_zone']) retrieved from /opt/airflow/dags/data_ingestion_taxi_zone.py
[2022-02-04 02:25:57,205] {logging_mixin.py:109} INFO - [2022-02-04 02:25:57,205] {dag.py:2396} INFO - Sync 1 DAGs
[2022-02-04 02:25:57,218] {logging_mixin.py:109} INFO - [2022-02-04 02:25:57,218] {dag.py:2935} INFO - Setting next_dagrun for data_ingestion_taxi_zone to 2019-01-01T00:00:00+00:00
[2022-02-04 02:25:57,226] {processor.py:171} INFO - Processing /opt/airflow/dags/data_ingestion_taxi_zone.py took 0.759 seconds
[2022-02-04 02:26:14,357] {processor.py:163} INFO - Started process (PID=828) to work on /opt/airflow/dags/data_ingestion_taxi_zone.py
[2022-02-04 02:26:14,358] {processor.py:642} INFO - Processing file /opt/airflow/dags/data_ingestion_taxi_zone.py for tasks to queue
[2022-02-04 02:26:14,359] {logging_mixin.py:109} INFO - [2022-02-04 02:26:14,358] {dagbag.py:500} INFO - Filling up the DagBag from /opt/airflow/dags/data_ingestion_taxi_zone.py
[2022-02-04 02:26:15,094] {logging_mixin.py:109} INFO - [2022-02-04 02:26:15,087] {dagbag.py:334} ERROR - Failed to import: /opt/airflow/dags/data_ingestion_taxi_zone.py
Traceback (most recent call last):
  File "/home/airflow/.local/lib/python3.7/site-packages/airflow/models/dagbag.py", line 331, in _load_modules_from_file
    loader.exec_module(new_module)
  File "<frozen importlib._bootstrap_external>", line 728, in exec_module
  File "<frozen importlib._bootstrap>", line 219, in _call_with_frames_removed
  File "/opt/airflow/dags/data_ingestion_taxi_zone.py", line 79, in <module>
    bash_command=f"curl -sS {URL_TEMPLATE} > {OUTPUT_FILE_TEMPLATE}"
  File "/home/airflow/.local/lib/python3.7/site-packages/airflow/models/baseoperator.py", line 188, in apply_defaults
    result = func(self, *args, **kwargs)
  File "/home/airflow/.local/lib/python3.7/site-packages/airflow/operators/bash.py", line 143, in __init__
    super().__init__(**kwargs)
  File "/home/airflow/.local/lib/python3.7/site-packages/airflow/models/baseoperator.py", line 188, in apply_defaults
    result = func(self, *args, **kwargs)
  File "/home/airflow/.local/lib/python3.7/site-packages/airflow/models/baseoperator.py", line 683, in __init__
    self.dag = dag or DagContext.get_current_dag()
  File "/home/airflow/.local/lib/python3.7/site-packages/airflow/models/baseoperator.py", line 789, in __setattr__
    super().__setattr__(key, value)
  File "/home/airflow/.local/lib/python3.7/site-packages/airflow/models/baseoperator.py", line 840, in dag
    dag.add_task(self)
  File "/home/airflow/.local/lib/python3.7/site-packages/airflow/models/dag.py", line 2139, in add_task
    raise AirflowException("Task is missing the start_date parameter")
airflow.exceptions.AirflowException: Task is missing the start_date parameter
[2022-02-04 02:26:15,108] {processor.py:690} INFO - Deactivated 1 DAGs which are no longer present in /opt/airflow/dags/data_ingestion_taxi_zone.py
[2022-02-04 02:26:15,108] {processor.py:656} WARNING - No viable dags retrieved from /opt/airflow/dags/data_ingestion_taxi_zone.py
[2022-02-04 02:26:15,117] {processor.py:171} INFO - Processing /opt/airflow/dags/data_ingestion_taxi_zone.py took 0.764 seconds
[2022-02-04 02:26:19,916] {processor.py:163} INFO - Started process (PID=843) to work on /opt/airflow/dags/data_ingestion_taxi_zone.py
[2022-02-04 02:26:19,917] {processor.py:642} INFO - Processing file /opt/airflow/dags/data_ingestion_taxi_zone.py for tasks to queue
[2022-02-04 02:26:19,918] {logging_mixin.py:109} INFO - [2022-02-04 02:26:19,918] {dagbag.py:500} INFO - Filling up the DagBag from /opt/airflow/dags/data_ingestion_taxi_zone.py
[2022-02-04 02:26:20,650] {logging_mixin.py:109} INFO - [2022-02-04 02:26:20,648] {dagbag.py:334} ERROR - Failed to import: /opt/airflow/dags/data_ingestion_taxi_zone.py
Traceback (most recent call last):
  File "/home/airflow/.local/lib/python3.7/site-packages/airflow/models/dagbag.py", line 331, in _load_modules_from_file
    loader.exec_module(new_module)
  File "<frozen importlib._bootstrap_external>", line 728, in exec_module
  File "<frozen importlib._bootstrap>", line 219, in _call_with_frames_removed
  File "/opt/airflow/dags/data_ingestion_taxi_zone.py", line 78, in <module>
    bash_command=f"curl -sS {URL_TEMPLATE} > {OUTPUT_FILE_TEMPLATE}"
  File "/home/airflow/.local/lib/python3.7/site-packages/airflow/models/baseoperator.py", line 188, in apply_defaults
    result = func(self, *args, **kwargs)
  File "/home/airflow/.local/lib/python3.7/site-packages/airflow/operators/bash.py", line 143, in __init__
    super().__init__(**kwargs)
  File "/home/airflow/.local/lib/python3.7/site-packages/airflow/models/baseoperator.py", line 188, in apply_defaults
    result = func(self, *args, **kwargs)
  File "/home/airflow/.local/lib/python3.7/site-packages/airflow/models/baseoperator.py", line 683, in __init__
    self.dag = dag or DagContext.get_current_dag()
  File "/home/airflow/.local/lib/python3.7/site-packages/airflow/models/baseoperator.py", line 789, in __setattr__
    super().__setattr__(key, value)
  File "/home/airflow/.local/lib/python3.7/site-packages/airflow/models/baseoperator.py", line 840, in dag
    dag.add_task(self)
  File "/home/airflow/.local/lib/python3.7/site-packages/airflow/models/dag.py", line 2139, in add_task
    raise AirflowException("Task is missing the start_date parameter")
airflow.exceptions.AirflowException: Task is missing the start_date parameter
[2022-02-04 02:26:20,663] {processor.py:656} WARNING - No viable dags retrieved from /opt/airflow/dags/data_ingestion_taxi_zone.py
[2022-02-04 02:26:20,671] {processor.py:171} INFO - Processing /opt/airflow/dags/data_ingestion_taxi_zone.py took 0.759 seconds
[2022-02-04 02:26:35,737] {processor.py:163} INFO - Started process (PID=858) to work on /opt/airflow/dags/data_ingestion_taxi_zone.py
[2022-02-04 02:26:35,739] {processor.py:642} INFO - Processing file /opt/airflow/dags/data_ingestion_taxi_zone.py for tasks to queue
[2022-02-04 02:26:35,739] {logging_mixin.py:109} INFO - [2022-02-04 02:26:35,739] {dagbag.py:500} INFO - Filling up the DagBag from /opt/airflow/dags/data_ingestion_taxi_zone.py
[2022-02-04 02:26:36,473] {logging_mixin.py:109} INFO - [2022-02-04 02:26:36,472] {dagbag.py:334} ERROR - Failed to import: /opt/airflow/dags/data_ingestion_taxi_zone.py
Traceback (most recent call last):
  File "/home/airflow/.local/lib/python3.7/site-packages/airflow/models/dagbag.py", line 331, in _load_modules_from_file
    loader.exec_module(new_module)
  File "<frozen importlib._bootstrap_external>", line 728, in exec_module
  File "<frozen importlib._bootstrap>", line 219, in _call_with_frames_removed
  File "/opt/airflow/dags/data_ingestion_taxi_zone.py", line 78, in <module>
    bash_command=f"curl -sS {URL_TEMPLATE} > {OUTPUT_FILE_TEMPLATE}"
  File "/home/airflow/.local/lib/python3.7/site-packages/airflow/models/baseoperator.py", line 188, in apply_defaults
    result = func(self, *args, **kwargs)
  File "/home/airflow/.local/lib/python3.7/site-packages/airflow/operators/bash.py", line 143, in __init__
    super().__init__(**kwargs)
  File "/home/airflow/.local/lib/python3.7/site-packages/airflow/models/baseoperator.py", line 188, in apply_defaults
    result = func(self, *args, **kwargs)
  File "/home/airflow/.local/lib/python3.7/site-packages/airflow/models/baseoperator.py", line 683, in __init__
    self.dag = dag or DagContext.get_current_dag()
  File "/home/airflow/.local/lib/python3.7/site-packages/airflow/models/baseoperator.py", line 789, in __setattr__
    super().__setattr__(key, value)
  File "/home/airflow/.local/lib/python3.7/site-packages/airflow/models/baseoperator.py", line 840, in dag
    dag.add_task(self)
  File "/home/airflow/.local/lib/python3.7/site-packages/airflow/models/dag.py", line 2139, in add_task
    raise AirflowException("Task is missing the start_date parameter")
airflow.exceptions.AirflowException: Task is missing the start_date parameter
[2022-02-04 02:26:36,486] {processor.py:656} WARNING - No viable dags retrieved from /opt/airflow/dags/data_ingestion_taxi_zone.py
[2022-02-04 02:26:36,493] {processor.py:171} INFO - Processing /opt/airflow/dags/data_ingestion_taxi_zone.py took 0.761 seconds
[2022-02-04 02:27:06,850] {processor.py:163} INFO - Started process (PID=909) to work on /opt/airflow/dags/data_ingestion_taxi_zone.py
[2022-02-04 02:27:06,851] {processor.py:642} INFO - Processing file /opt/airflow/dags/data_ingestion_taxi_zone.py for tasks to queue
[2022-02-04 02:27:06,852] {logging_mixin.py:109} INFO - [2022-02-04 02:27:06,852] {dagbag.py:500} INFO - Filling up the DagBag from /opt/airflow/dags/data_ingestion_taxi_zone.py
[2022-02-04 02:27:07,675] {logging_mixin.py:109} INFO - [2022-02-04 02:27:07,673] {dagbag.py:334} ERROR - Failed to import: /opt/airflow/dags/data_ingestion_taxi_zone.py
Traceback (most recent call last):
  File "/home/airflow/.local/lib/python3.7/site-packages/airflow/models/dagbag.py", line 331, in _load_modules_from_file
    loader.exec_module(new_module)
  File "<frozen importlib._bootstrap_external>", line 728, in exec_module
  File "<frozen importlib._bootstrap>", line 219, in _call_with_frames_removed
  File "/opt/airflow/dags/data_ingestion_taxi_zone.py", line 78, in <module>
    bash_command=f"curl -sS {URL_TEMPLATE} > {OUTPUT_FILE_TEMPLATE}"
  File "/home/airflow/.local/lib/python3.7/site-packages/airflow/models/baseoperator.py", line 188, in apply_defaults
    result = func(self, *args, **kwargs)
  File "/home/airflow/.local/lib/python3.7/site-packages/airflow/operators/bash.py", line 143, in __init__
    super().__init__(**kwargs)
  File "/home/airflow/.local/lib/python3.7/site-packages/airflow/models/baseoperator.py", line 188, in apply_defaults
    result = func(self, *args, **kwargs)
  File "/home/airflow/.local/lib/python3.7/site-packages/airflow/models/baseoperator.py", line 683, in __init__
    self.dag = dag or DagContext.get_current_dag()
  File "/home/airflow/.local/lib/python3.7/site-packages/airflow/models/baseoperator.py", line 789, in __setattr__
    super().__setattr__(key, value)
  File "/home/airflow/.local/lib/python3.7/site-packages/airflow/models/baseoperator.py", line 840, in dag
    dag.add_task(self)
  File "/home/airflow/.local/lib/python3.7/site-packages/airflow/models/dag.py", line 2139, in add_task
    raise AirflowException("Task is missing the start_date parameter")
airflow.exceptions.AirflowException: Task is missing the start_date parameter
[2022-02-04 02:27:07,687] {processor.py:656} WARNING - No viable dags retrieved from /opt/airflow/dags/data_ingestion_taxi_zone.py
[2022-02-04 02:27:07,694] {processor.py:171} INFO - Processing /opt/airflow/dags/data_ingestion_taxi_zone.py took 0.850 seconds
[2022-02-04 02:27:38,131] {processor.py:163} INFO - Started process (PID=948) to work on /opt/airflow/dags/data_ingestion_taxi_zone.py
[2022-02-04 02:27:38,132] {processor.py:642} INFO - Processing file /opt/airflow/dags/data_ingestion_taxi_zone.py for tasks to queue
[2022-02-04 02:27:38,133] {logging_mixin.py:109} INFO - [2022-02-04 02:27:38,133] {dagbag.py:500} INFO - Filling up the DagBag from /opt/airflow/dags/data_ingestion_taxi_zone.py
[2022-02-04 02:27:38,884] {logging_mixin.py:109} INFO - [2022-02-04 02:27:38,882] {dagbag.py:334} ERROR - Failed to import: /opt/airflow/dags/data_ingestion_taxi_zone.py
Traceback (most recent call last):
  File "/home/airflow/.local/lib/python3.7/site-packages/airflow/models/dagbag.py", line 331, in _load_modules_from_file
    loader.exec_module(new_module)
  File "<frozen importlib._bootstrap_external>", line 728, in exec_module
  File "<frozen importlib._bootstrap>", line 219, in _call_with_frames_removed
  File "/opt/airflow/dags/data_ingestion_taxi_zone.py", line 78, in <module>
    bash_command=f"curl -sS {URL_TEMPLATE} > {OUTPUT_FILE_TEMPLATE}"
  File "/home/airflow/.local/lib/python3.7/site-packages/airflow/models/baseoperator.py", line 188, in apply_defaults
    result = func(self, *args, **kwargs)
  File "/home/airflow/.local/lib/python3.7/site-packages/airflow/operators/bash.py", line 143, in __init__
    super().__init__(**kwargs)
  File "/home/airflow/.local/lib/python3.7/site-packages/airflow/models/baseoperator.py", line 188, in apply_defaults
    result = func(self, *args, **kwargs)
  File "/home/airflow/.local/lib/python3.7/site-packages/airflow/models/baseoperator.py", line 683, in __init__
    self.dag = dag or DagContext.get_current_dag()
  File "/home/airflow/.local/lib/python3.7/site-packages/airflow/models/baseoperator.py", line 789, in __setattr__
    super().__setattr__(key, value)
  File "/home/airflow/.local/lib/python3.7/site-packages/airflow/models/baseoperator.py", line 840, in dag
    dag.add_task(self)
  File "/home/airflow/.local/lib/python3.7/site-packages/airflow/models/dag.py", line 2139, in add_task
    raise AirflowException("Task is missing the start_date parameter")
airflow.exceptions.AirflowException: Task is missing the start_date parameter
[2022-02-04 02:27:38,899] {processor.py:656} WARNING - No viable dags retrieved from /opt/airflow/dags/data_ingestion_taxi_zone.py
[2022-02-04 02:27:38,907] {processor.py:171} INFO - Processing /opt/airflow/dags/data_ingestion_taxi_zone.py took 0.780 seconds
[2022-02-04 02:28:09,292] {processor.py:163} INFO - Started process (PID=998) to work on /opt/airflow/dags/data_ingestion_taxi_zone.py
[2022-02-04 02:28:09,294] {processor.py:642} INFO - Processing file /opt/airflow/dags/data_ingestion_taxi_zone.py for tasks to queue
[2022-02-04 02:28:09,295] {logging_mixin.py:109} INFO - [2022-02-04 02:28:09,295] {dagbag.py:500} INFO - Filling up the DagBag from /opt/airflow/dags/data_ingestion_taxi_zone.py
[2022-02-04 02:28:09,988] {logging_mixin.py:109} INFO - [2022-02-04 02:28:09,986] {dagbag.py:334} ERROR - Failed to import: /opt/airflow/dags/data_ingestion_taxi_zone.py
Traceback (most recent call last):
  File "/home/airflow/.local/lib/python3.7/site-packages/airflow/models/dagbag.py", line 331, in _load_modules_from_file
    loader.exec_module(new_module)
  File "<frozen importlib._bootstrap_external>", line 728, in exec_module
  File "<frozen importlib._bootstrap>", line 219, in _call_with_frames_removed
  File "/opt/airflow/dags/data_ingestion_taxi_zone.py", line 78, in <module>
    bash_command=f"curl -sS {URL_TEMPLATE} > {OUTPUT_FILE_TEMPLATE}"
  File "/home/airflow/.local/lib/python3.7/site-packages/airflow/models/baseoperator.py", line 188, in apply_defaults
    result = func(self, *args, **kwargs)
  File "/home/airflow/.local/lib/python3.7/site-packages/airflow/operators/bash.py", line 143, in __init__
    super().__init__(**kwargs)
  File "/home/airflow/.local/lib/python3.7/site-packages/airflow/models/baseoperator.py", line 188, in apply_defaults
    result = func(self, *args, **kwargs)
  File "/home/airflow/.local/lib/python3.7/site-packages/airflow/models/baseoperator.py", line 683, in __init__
    self.dag = dag or DagContext.get_current_dag()
  File "/home/airflow/.local/lib/python3.7/site-packages/airflow/models/baseoperator.py", line 789, in __setattr__
    super().__setattr__(key, value)
  File "/home/airflow/.local/lib/python3.7/site-packages/airflow/models/baseoperator.py", line 840, in dag
    dag.add_task(self)
  File "/home/airflow/.local/lib/python3.7/site-packages/airflow/models/dag.py", line 2139, in add_task
    raise AirflowException("Task is missing the start_date parameter")
airflow.exceptions.AirflowException: Task is missing the start_date parameter
[2022-02-04 02:28:10,000] {processor.py:656} WARNING - No viable dags retrieved from /opt/airflow/dags/data_ingestion_taxi_zone.py
[2022-02-04 02:28:10,009] {processor.py:171} INFO - Processing /opt/airflow/dags/data_ingestion_taxi_zone.py took 0.721 seconds
[2022-02-04 02:28:14,382] {processor.py:163} INFO - Started process (PID=1013) to work on /opt/airflow/dags/data_ingestion_taxi_zone.py
[2022-02-04 02:28:14,383] {processor.py:642} INFO - Processing file /opt/airflow/dags/data_ingestion_taxi_zone.py for tasks to queue
[2022-02-04 02:28:14,383] {logging_mixin.py:109} INFO - [2022-02-04 02:28:14,383] {dagbag.py:500} INFO - Filling up the DagBag from /opt/airflow/dags/data_ingestion_taxi_zone.py
[2022-02-04 02:28:15,114] {processor.py:654} INFO - DAG(s) dict_keys(['data_ingestion_taxi_zone']) retrieved from /opt/airflow/dags/data_ingestion_taxi_zone.py
[2022-02-04 02:28:15,337] {logging_mixin.py:109} INFO - [2022-02-04 02:28:15,336] {dag.py:2396} INFO - Sync 1 DAGs
[2022-02-04 02:28:15,359] {logging_mixin.py:109} INFO - [2022-02-04 02:28:15,359] {dag.py:2935} INFO - Setting next_dagrun for data_ingestion_taxi_zone to 2019-01-01T00:00:00+00:00
[2022-02-04 02:28:15,374] {processor.py:171} INFO - Processing /opt/airflow/dags/data_ingestion_taxi_zone.py took 0.996 seconds
[2022-02-04 02:28:45,528] {processor.py:163} INFO - Started process (PID=1085) to work on /opt/airflow/dags/data_ingestion_taxi_zone.py
[2022-02-04 02:28:45,531] {processor.py:642} INFO - Processing file /opt/airflow/dags/data_ingestion_taxi_zone.py for tasks to queue
[2022-02-04 02:28:45,532] {logging_mixin.py:109} INFO - [2022-02-04 02:28:45,532] {dagbag.py:500} INFO - Filling up the DagBag from /opt/airflow/dags/data_ingestion_taxi_zone.py
[2022-02-04 02:28:47,866] {processor.py:654} INFO - DAG(s) dict_keys(['data_ingestion_taxi_zone']) retrieved from /opt/airflow/dags/data_ingestion_taxi_zone.py
[2022-02-04 02:28:47,878] {logging_mixin.py:109} INFO - [2022-02-04 02:28:47,877] {dag.py:2396} INFO - Sync 1 DAGs
[2022-02-04 02:28:47,913] {processor.py:171} INFO - Processing /opt/airflow/dags/data_ingestion_taxi_zone.py took 2.401 seconds
[2022-02-04 02:29:18,351] {processor.py:163} INFO - Started process (PID=1172) to work on /opt/airflow/dags/data_ingestion_taxi_zone.py
[2022-02-04 02:29:18,353] {processor.py:642} INFO - Processing file /opt/airflow/dags/data_ingestion_taxi_zone.py for tasks to queue
[2022-02-04 02:29:18,354] {logging_mixin.py:109} INFO - [2022-02-04 02:29:18,353] {dagbag.py:500} INFO - Filling up the DagBag from /opt/airflow/dags/data_ingestion_taxi_zone.py
[2022-02-04 02:29:19,091] {processor.py:654} INFO - DAG(s) dict_keys(['data_ingestion_taxi_zone']) retrieved from /opt/airflow/dags/data_ingestion_taxi_zone.py
[2022-02-04 02:29:19,114] {logging_mixin.py:109} INFO - [2022-02-04 02:29:19,114] {dag.py:2396} INFO - Sync 1 DAGs
[2022-02-04 02:29:19,156] {logging_mixin.py:109} INFO - [2022-02-04 02:29:19,156] {dag.py:2935} INFO - Setting next_dagrun for data_ingestion_taxi_zone to 2019-01-16T00:00:00+00:00
[2022-02-04 02:29:19,165] {processor.py:171} INFO - Processing /opt/airflow/dags/data_ingestion_taxi_zone.py took 0.817 seconds
[2022-02-04 02:29:49,585] {processor.py:163} INFO - Started process (PID=1211) to work on /opt/airflow/dags/data_ingestion_taxi_zone.py
[2022-02-04 02:29:49,586] {processor.py:642} INFO - Processing file /opt/airflow/dags/data_ingestion_taxi_zone.py for tasks to queue
[2022-02-04 02:29:49,587] {logging_mixin.py:109} INFO - [2022-02-04 02:29:49,587] {dagbag.py:500} INFO - Filling up the DagBag from /opt/airflow/dags/data_ingestion_taxi_zone.py
[2022-02-04 02:29:50,465] {processor.py:654} INFO - DAG(s) dict_keys(['data_ingestion_taxi_zone']) retrieved from /opt/airflow/dags/data_ingestion_taxi_zone.py
[2022-02-04 02:29:50,476] {logging_mixin.py:109} INFO - [2022-02-04 02:29:50,475] {dag.py:2396} INFO - Sync 1 DAGs
[2022-02-04 02:29:50,495] {logging_mixin.py:109} INFO - [2022-02-04 02:29:50,495] {dag.py:2935} INFO - Setting next_dagrun for data_ingestion_taxi_zone to 2019-01-17T00:00:00+00:00
[2022-02-04 02:29:50,502] {processor.py:171} INFO - Processing /opt/airflow/dags/data_ingestion_taxi_zone.py took 0.921 seconds
[2022-02-04 02:30:20,652] {processor.py:163} INFO - Started process (PID=1260) to work on /opt/airflow/dags/data_ingestion_taxi_zone.py
[2022-02-04 02:30:20,654] {processor.py:642} INFO - Processing file /opt/airflow/dags/data_ingestion_taxi_zone.py for tasks to queue
[2022-02-04 02:30:20,655] {logging_mixin.py:109} INFO - [2022-02-04 02:30:20,655] {dagbag.py:500} INFO - Filling up the DagBag from /opt/airflow/dags/data_ingestion_taxi_zone.py
[2022-02-04 02:30:21,411] {processor.py:654} INFO - DAG(s) dict_keys(['data_ingestion_taxi_zone']) retrieved from /opt/airflow/dags/data_ingestion_taxi_zone.py
[2022-02-04 02:30:21,419] {logging_mixin.py:109} INFO - [2022-02-04 02:30:21,419] {dag.py:2396} INFO - Sync 1 DAGs
[2022-02-04 02:30:21,439] {logging_mixin.py:109} INFO - [2022-02-04 02:30:21,439] {dag.py:2935} INFO - Setting next_dagrun for data_ingestion_taxi_zone to 2019-01-18T00:00:00+00:00
[2022-02-04 02:30:21,451] {processor.py:171} INFO - Processing /opt/airflow/dags/data_ingestion_taxi_zone.py took 0.803 seconds
[2022-02-04 02:30:51,507] {processor.py:163} INFO - Started process (PID=1301) to work on /opt/airflow/dags/data_ingestion_taxi_zone.py
[2022-02-04 02:30:51,508] {processor.py:642} INFO - Processing file /opt/airflow/dags/data_ingestion_taxi_zone.py for tasks to queue
[2022-02-04 02:30:51,509] {logging_mixin.py:109} INFO - [2022-02-04 02:30:51,509] {dagbag.py:500} INFO - Filling up the DagBag from /opt/airflow/dags/data_ingestion_taxi_zone.py
[2022-02-04 02:30:52,505] {processor.py:654} INFO - DAG(s) dict_keys(['data_ingestion_taxi_zone']) retrieved from /opt/airflow/dags/data_ingestion_taxi_zone.py
[2022-02-04 02:30:52,880] {logging_mixin.py:109} INFO - [2022-02-04 02:30:52,880] {dag.py:2396} INFO - Sync 1 DAGs
[2022-02-04 02:30:52,911] {processor.py:171} INFO - Processing /opt/airflow/dags/data_ingestion_taxi_zone.py took 1.408 seconds
[2022-02-04 02:31:23,207] {processor.py:163} INFO - Started process (PID=1349) to work on /opt/airflow/dags/data_ingestion_taxi_zone.py
[2022-02-04 02:31:23,209] {processor.py:642} INFO - Processing file /opt/airflow/dags/data_ingestion_taxi_zone.py for tasks to queue
[2022-02-04 02:31:23,209] {logging_mixin.py:109} INFO - [2022-02-04 02:31:23,209] {dagbag.py:500} INFO - Filling up the DagBag from /opt/airflow/dags/data_ingestion_taxi_zone.py
[2022-02-04 02:31:23,982] {processor.py:654} INFO - DAG(s) dict_keys(['data_ingestion_taxi_zone']) retrieved from /opt/airflow/dags/data_ingestion_taxi_zone.py
[2022-02-04 02:31:23,989] {logging_mixin.py:109} INFO - [2022-02-04 02:31:23,989] {dag.py:2396} INFO - Sync 1 DAGs
[2022-02-04 02:31:24,009] {processor.py:171} INFO - Processing /opt/airflow/dags/data_ingestion_taxi_zone.py took 0.807 seconds
[2022-02-04 02:31:46,672] {processor.py:163} INFO - Started process (PID=1377) to work on /opt/airflow/dags/data_ingestion_taxi_zone.py
[2022-02-04 02:31:46,673] {processor.py:642} INFO - Processing file /opt/airflow/dags/data_ingestion_taxi_zone.py for tasks to queue
[2022-02-04 02:31:46,674] {logging_mixin.py:109} INFO - [2022-02-04 02:31:46,674] {dagbag.py:500} INFO - Filling up the DagBag from /opt/airflow/dags/data_ingestion_taxi_zone.py
[2022-02-04 02:31:47,436] {processor.py:654} INFO - DAG(s) dict_keys(['data_ingestion_taxi_zone']) retrieved from /opt/airflow/dags/data_ingestion_taxi_zone.py
[2022-02-04 02:31:47,613] {logging_mixin.py:109} INFO - [2022-02-04 02:31:47,613] {dag.py:2396} INFO - Sync 1 DAGs
[2022-02-04 02:31:47,636] {processor.py:171} INFO - Processing /opt/airflow/dags/data_ingestion_taxi_zone.py took 0.968 seconds
[2022-02-04 02:31:53,107] {processor.py:163} INFO - Started process (PID=1387) to work on /opt/airflow/dags/data_ingestion_taxi_zone.py
[2022-02-04 02:31:53,109] {processor.py:642} INFO - Processing file /opt/airflow/dags/data_ingestion_taxi_zone.py for tasks to queue
[2022-02-04 02:31:53,109] {logging_mixin.py:109} INFO - [2022-02-04 02:31:53,109] {dagbag.py:500} INFO - Filling up the DagBag from /opt/airflow/dags/data_ingestion_taxi_zone.py
[2022-02-04 02:31:54,013] {processor.py:654} INFO - DAG(s) dict_keys(['data_ingestion_taxi_zone']) retrieved from /opt/airflow/dags/data_ingestion_taxi_zone.py
[2022-02-04 02:31:54,017] {logging_mixin.py:109} INFO - [2022-02-04 02:31:54,017] {dag.py:2396} INFO - Sync 1 DAGs
[2022-02-04 02:31:54,048] {processor.py:171} INFO - Processing /opt/airflow/dags/data_ingestion_taxi_zone.py took 0.945 seconds
[2022-02-04 02:32:24,279] {processor.py:163} INFO - Started process (PID=1438) to work on /opt/airflow/dags/data_ingestion_taxi_zone.py
[2022-02-04 02:32:24,282] {processor.py:642} INFO - Processing file /opt/airflow/dags/data_ingestion_taxi_zone.py for tasks to queue
[2022-02-04 02:32:24,283] {logging_mixin.py:109} INFO - [2022-02-04 02:32:24,283] {dagbag.py:500} INFO - Filling up the DagBag from /opt/airflow/dags/data_ingestion_taxi_zone.py
[2022-02-04 02:32:25,087] {processor.py:654} INFO - DAG(s) dict_keys(['data_ingestion_taxi_zone']) retrieved from /opt/airflow/dags/data_ingestion_taxi_zone.py
[2022-02-04 02:32:25,266] {logging_mixin.py:109} INFO - [2022-02-04 02:32:25,265] {dag.py:2396} INFO - Sync 1 DAGs
[2022-02-04 02:32:25,290] {processor.py:171} INFO - Processing /opt/airflow/dags/data_ingestion_taxi_zone.py took 1.015 seconds
[2022-02-04 02:32:56,009] {processor.py:163} INFO - Started process (PID=1492) to work on /opt/airflow/dags/data_ingestion_taxi_zone.py
[2022-02-04 02:32:56,011] {processor.py:642} INFO - Processing file /opt/airflow/dags/data_ingestion_taxi_zone.py for tasks to queue
[2022-02-04 02:32:56,012] {logging_mixin.py:109} INFO - [2022-02-04 02:32:56,012] {dagbag.py:500} INFO - Filling up the DagBag from /opt/airflow/dags/data_ingestion_taxi_zone.py
[2022-02-04 02:32:56,846] {processor.py:654} INFO - DAG(s) dict_keys(['data_ingestion_taxi_zone']) retrieved from /opt/airflow/dags/data_ingestion_taxi_zone.py
[2022-02-04 02:32:56,853] {logging_mixin.py:109} INFO - [2022-02-04 02:32:56,853] {dag.py:2396} INFO - Sync 1 DAGs
[2022-02-04 02:32:56,874] {processor.py:171} INFO - Processing /opt/airflow/dags/data_ingestion_taxi_zone.py took 0.870 seconds
[2022-02-04 02:33:26,944] {processor.py:163} INFO - Started process (PID=1527) to work on /opt/airflow/dags/data_ingestion_taxi_zone.py
[2022-02-04 02:33:26,945] {processor.py:642} INFO - Processing file /opt/airflow/dags/data_ingestion_taxi_zone.py for tasks to queue
[2022-02-04 02:33:26,946] {logging_mixin.py:109} INFO - [2022-02-04 02:33:26,946] {dagbag.py:500} INFO - Filling up the DagBag from /opt/airflow/dags/data_ingestion_taxi_zone.py
[2022-02-04 02:33:27,935] {processor.py:654} INFO - DAG(s) dict_keys(['data_ingestion_taxi_zone']) retrieved from /opt/airflow/dags/data_ingestion_taxi_zone.py
[2022-02-04 02:33:27,943] {logging_mixin.py:109} INFO - [2022-02-04 02:33:27,942] {dag.py:2396} INFO - Sync 1 DAGs
[2022-02-04 02:33:27,963] {processor.py:171} INFO - Processing /opt/airflow/dags/data_ingestion_taxi_zone.py took 1.024 seconds
[2022-02-04 02:33:58,717] {processor.py:163} INFO - Started process (PID=1576) to work on /opt/airflow/dags/data_ingestion_taxi_zone.py
[2022-02-04 02:33:58,719] {processor.py:642} INFO - Processing file /opt/airflow/dags/data_ingestion_taxi_zone.py for tasks to queue
[2022-02-04 02:33:58,720] {logging_mixin.py:109} INFO - [2022-02-04 02:33:58,719] {dagbag.py:500} INFO - Filling up the DagBag from /opt/airflow/dags/data_ingestion_taxi_zone.py
[2022-02-04 02:33:59,491] {processor.py:654} INFO - DAG(s) dict_keys(['data_ingestion_taxi_zone']) retrieved from /opt/airflow/dags/data_ingestion_taxi_zone.py
[2022-02-04 02:33:59,680] {logging_mixin.py:109} INFO - [2022-02-04 02:33:59,680] {dag.py:2396} INFO - Sync 1 DAGs
[2022-02-04 02:33:59,685] {logging_mixin.py:109} INFO - [2022-02-04 02:33:59,685] {dag.py:2415} INFO - Creating ORM DAG for data_ingestion_taxi_zone
[2022-02-04 02:33:59,693] {logging_mixin.py:109} INFO - [2022-02-04 02:33:59,693] {dag.py:2935} INFO - Setting next_dagrun for data_ingestion_taxi_zone to 2019-01-01T00:00:00+00:00
[2022-02-04 02:33:59,704] {processor.py:171} INFO - Processing /opt/airflow/dags/data_ingestion_taxi_zone.py took 0.993 seconds
[2022-02-04 02:34:06,501] {processor.py:163} INFO - Started process (PID=1591) to work on /opt/airflow/dags/data_ingestion_taxi_zone.py
[2022-02-04 02:34:06,503] {processor.py:642} INFO - Processing file /opt/airflow/dags/data_ingestion_taxi_zone.py for tasks to queue
[2022-02-04 02:34:06,503] {logging_mixin.py:109} INFO - [2022-02-04 02:34:06,503] {dagbag.py:500} INFO - Filling up the DagBag from /opt/airflow/dags/data_ingestion_taxi_zone.py
[2022-02-04 02:34:07,202] {processor.py:654} INFO - DAG(s) dict_keys(['data_ingestion_taxi_zone']) retrieved from /opt/airflow/dags/data_ingestion_taxi_zone.py
[2022-02-04 02:34:07,205] {logging_mixin.py:109} INFO - [2022-02-04 02:34:07,205] {dag.py:2396} INFO - Sync 1 DAGs
[2022-02-04 02:34:07,218] {logging_mixin.py:109} INFO - [2022-02-04 02:34:07,218] {dag.py:2935} INFO - Setting next_dagrun for data_ingestion_taxi_zone to 2019-01-01T00:00:00+00:00
[2022-02-04 02:34:07,226] {processor.py:171} INFO - Processing /opt/airflow/dags/data_ingestion_taxi_zone.py took 0.729 seconds
[2022-02-04 02:34:17,266] {processor.py:163} INFO - Started process (PID=1608) to work on /opt/airflow/dags/data_ingestion_taxi_zone.py
[2022-02-04 02:34:17,267] {processor.py:642} INFO - Processing file /opt/airflow/dags/data_ingestion_taxi_zone.py for tasks to queue
[2022-02-04 02:34:17,268] {logging_mixin.py:109} INFO - [2022-02-04 02:34:17,268] {dagbag.py:500} INFO - Filling up the DagBag from /opt/airflow/dags/data_ingestion_taxi_zone.py
[2022-02-04 02:34:17,952] {logging_mixin.py:109} INFO - [2022-02-04 02:34:17,950] {dagbag.py:334} ERROR - Failed to import: /opt/airflow/dags/data_ingestion_taxi_zone.py
Traceback (most recent call last):
  File "/home/airflow/.local/lib/python3.7/site-packages/airflow/models/dagbag.py", line 331, in _load_modules_from_file
    loader.exec_module(new_module)
  File "<frozen importlib._bootstrap_external>", line 728, in exec_module
  File "<frozen importlib._bootstrap>", line 219, in _call_with_frames_removed
  File "/opt/airflow/dags/data_ingestion_taxi_zone.py", line 80, in <module>
    bash_command=f"curl -sS {URL_TEMPLATE} > {OUTPUT_FILE_TEMPLATE}"
  File "/home/airflow/.local/lib/python3.7/site-packages/airflow/models/baseoperator.py", line 188, in apply_defaults
    result = func(self, *args, **kwargs)
  File "/home/airflow/.local/lib/python3.7/site-packages/airflow/operators/bash.py", line 143, in __init__
    super().__init__(**kwargs)
  File "/home/airflow/.local/lib/python3.7/site-packages/airflow/models/baseoperator.py", line 188, in apply_defaults
    result = func(self, *args, **kwargs)
  File "/home/airflow/.local/lib/python3.7/site-packages/airflow/models/baseoperator.py", line 683, in __init__
    self.dag = dag or DagContext.get_current_dag()
  File "/home/airflow/.local/lib/python3.7/site-packages/airflow/models/baseoperator.py", line 789, in __setattr__
    super().__setattr__(key, value)
  File "/home/airflow/.local/lib/python3.7/site-packages/airflow/models/baseoperator.py", line 840, in dag
    dag.add_task(self)
  File "/home/airflow/.local/lib/python3.7/site-packages/airflow/models/dag.py", line 2139, in add_task
    raise AirflowException("Task is missing the start_date parameter")
airflow.exceptions.AirflowException: Task is missing the start_date parameter
[2022-02-04 02:34:17,965] {processor.py:690} INFO - Deactivated 1 DAGs which are no longer present in /opt/airflow/dags/data_ingestion_taxi_zone.py
[2022-02-04 02:34:17,965] {processor.py:656} WARNING - No viable dags retrieved from /opt/airflow/dags/data_ingestion_taxi_zone.py
[2022-02-04 02:34:17,972] {processor.py:171} INFO - Processing /opt/airflow/dags/data_ingestion_taxi_zone.py took 0.711 seconds
[2022-02-04 02:34:31,856] {processor.py:163} INFO - Started process (PID=1649) to work on /opt/airflow/dags/data_ingestion_taxi_zone.py
[2022-02-04 02:34:31,857] {processor.py:642} INFO - Processing file /opt/airflow/dags/data_ingestion_taxi_zone.py for tasks to queue
[2022-02-04 02:34:31,858] {logging_mixin.py:109} INFO - [2022-02-04 02:34:31,858] {dagbag.py:500} INFO - Filling up the DagBag from /opt/airflow/dags/data_ingestion_taxi_zone.py
[2022-02-04 02:34:32,579] {processor.py:654} INFO - DAG(s) dict_keys(['data_ingestion_taxi_zone']) retrieved from /opt/airflow/dags/data_ingestion_taxi_zone.py
[2022-02-04 02:34:32,749] {logging_mixin.py:109} INFO - [2022-02-04 02:34:32,749] {dag.py:2396} INFO - Sync 1 DAGs
[2022-02-04 02:34:32,760] {logging_mixin.py:109} INFO - [2022-02-04 02:34:32,760] {dag.py:2935} INFO - Setting next_dagrun for data_ingestion_taxi_zone to 2019-01-01T00:00:00+00:00
[2022-02-04 02:34:32,773] {processor.py:171} INFO - Processing /opt/airflow/dags/data_ingestion_taxi_zone.py took 0.921 seconds
[2022-02-04 02:35:03,170] {processor.py:163} INFO - Started process (PID=1702) to work on /opt/airflow/dags/data_ingestion_taxi_zone.py
[2022-02-04 02:35:03,173] {processor.py:642} INFO - Processing file /opt/airflow/dags/data_ingestion_taxi_zone.py for tasks to queue
[2022-02-04 02:35:03,173] {logging_mixin.py:109} INFO - [2022-02-04 02:35:03,173] {dagbag.py:500} INFO - Filling up the DagBag from /opt/airflow/dags/data_ingestion_taxi_zone.py
[2022-02-04 02:35:03,930] {processor.py:654} INFO - DAG(s) dict_keys(['data_ingestion_taxi_zone']) retrieved from /opt/airflow/dags/data_ingestion_taxi_zone.py
[2022-02-04 02:35:03,937] {logging_mixin.py:109} INFO - [2022-02-04 02:35:03,937] {dag.py:2396} INFO - Sync 1 DAGs
[2022-02-04 02:35:03,950] {logging_mixin.py:109} INFO - [2022-02-04 02:35:03,950] {dag.py:2935} INFO - Setting next_dagrun for data_ingestion_taxi_zone to None
[2022-02-04 02:35:03,957] {processor.py:171} INFO - Processing /opt/airflow/dags/data_ingestion_taxi_zone.py took 0.791 seconds
[2022-02-04 02:35:34,199] {processor.py:163} INFO - Started process (PID=1750) to work on /opt/airflow/dags/data_ingestion_taxi_zone.py
[2022-02-04 02:35:34,200] {processor.py:642} INFO - Processing file /opt/airflow/dags/data_ingestion_taxi_zone.py for tasks to queue
[2022-02-04 02:35:34,201] {logging_mixin.py:109} INFO - [2022-02-04 02:35:34,201] {dagbag.py:500} INFO - Filling up the DagBag from /opt/airflow/dags/data_ingestion_taxi_zone.py
[2022-02-04 02:35:34,897] {processor.py:654} INFO - DAG(s) dict_keys(['data_ingestion_taxi_zone']) retrieved from /opt/airflow/dags/data_ingestion_taxi_zone.py
[2022-02-04 02:35:34,904] {logging_mixin.py:109} INFO - [2022-02-04 02:35:34,904] {dag.py:2396} INFO - Sync 1 DAGs
[2022-02-04 02:35:34,917] {logging_mixin.py:109} INFO - [2022-02-04 02:35:34,917] {dag.py:2935} INFO - Setting next_dagrun for data_ingestion_taxi_zone to None
[2022-02-04 02:35:34,924] {processor.py:171} INFO - Processing /opt/airflow/dags/data_ingestion_taxi_zone.py took 0.729 seconds
[2022-02-04 02:36:05,585] {processor.py:163} INFO - Started process (PID=1791) to work on /opt/airflow/dags/data_ingestion_taxi_zone.py
[2022-02-04 02:36:05,587] {processor.py:642} INFO - Processing file /opt/airflow/dags/data_ingestion_taxi_zone.py for tasks to queue
[2022-02-04 02:36:05,588] {logging_mixin.py:109} INFO - [2022-02-04 02:36:05,587] {dagbag.py:500} INFO - Filling up the DagBag from /opt/airflow/dags/data_ingestion_taxi_zone.py
[2022-02-04 02:36:06,368] {processor.py:654} INFO - DAG(s) dict_keys(['data_ingestion_taxi_zone']) retrieved from /opt/airflow/dags/data_ingestion_taxi_zone.py
[2022-02-04 02:36:06,377] {logging_mixin.py:109} INFO - [2022-02-04 02:36:06,377] {dag.py:2396} INFO - Sync 1 DAGs
[2022-02-04 02:36:06,389] {logging_mixin.py:109} INFO - [2022-02-04 02:36:06,389] {dag.py:2935} INFO - Setting next_dagrun for data_ingestion_taxi_zone to None
[2022-02-04 02:36:06,397] {processor.py:171} INFO - Processing /opt/airflow/dags/data_ingestion_taxi_zone.py took 0.816 seconds
[2022-02-04 02:36:36,521] {processor.py:163} INFO - Started process (PID=1839) to work on /opt/airflow/dags/data_ingestion_taxi_zone.py
[2022-02-04 02:36:36,523] {processor.py:642} INFO - Processing file /opt/airflow/dags/data_ingestion_taxi_zone.py for tasks to queue
[2022-02-04 02:36:36,523] {logging_mixin.py:109} INFO - [2022-02-04 02:36:36,523] {dagbag.py:500} INFO - Filling up the DagBag from /opt/airflow/dags/data_ingestion_taxi_zone.py
[2022-02-04 02:36:37,238] {processor.py:654} INFO - DAG(s) dict_keys(['data_ingestion_taxi_zone']) retrieved from /opt/airflow/dags/data_ingestion_taxi_zone.py
[2022-02-04 02:36:37,246] {logging_mixin.py:109} INFO - [2022-02-04 02:36:37,246] {dag.py:2396} INFO - Sync 1 DAGs
[2022-02-04 02:36:37,259] {logging_mixin.py:109} INFO - [2022-02-04 02:36:37,259] {dag.py:2935} INFO - Setting next_dagrun for data_ingestion_taxi_zone to None
[2022-02-04 02:36:37,266] {processor.py:171} INFO - Processing /opt/airflow/dags/data_ingestion_taxi_zone.py took 0.749 seconds
[2022-02-04 02:37:07,354] {processor.py:163} INFO - Started process (PID=1879) to work on /opt/airflow/dags/data_ingestion_taxi_zone.py
[2022-02-04 02:37:07,355] {processor.py:642} INFO - Processing file /opt/airflow/dags/data_ingestion_taxi_zone.py for tasks to queue
[2022-02-04 02:37:07,356] {logging_mixin.py:109} INFO - [2022-02-04 02:37:07,356] {dagbag.py:500} INFO - Filling up the DagBag from /opt/airflow/dags/data_ingestion_taxi_zone.py
[2022-02-04 02:37:08,066] {processor.py:654} INFO - DAG(s) dict_keys(['data_ingestion_taxi_zone']) retrieved from /opt/airflow/dags/data_ingestion_taxi_zone.py
[2022-02-04 02:37:08,074] {logging_mixin.py:109} INFO - [2022-02-04 02:37:08,074] {dag.py:2396} INFO - Sync 1 DAGs
[2022-02-04 02:37:08,087] {logging_mixin.py:109} INFO - [2022-02-04 02:37:08,087] {dag.py:2935} INFO - Setting next_dagrun for data_ingestion_taxi_zone to None
[2022-02-04 02:37:08,095] {processor.py:171} INFO - Processing /opt/airflow/dags/data_ingestion_taxi_zone.py took 0.745 seconds
[2022-02-04 02:37:39,004] {processor.py:163} INFO - Started process (PID=1929) to work on /opt/airflow/dags/data_ingestion_taxi_zone.py
[2022-02-04 02:37:39,006] {processor.py:642} INFO - Processing file /opt/airflow/dags/data_ingestion_taxi_zone.py for tasks to queue
[2022-02-04 02:37:39,006] {logging_mixin.py:109} INFO - [2022-02-04 02:37:39,006] {dagbag.py:500} INFO - Filling up the DagBag from /opt/airflow/dags/data_ingestion_taxi_zone.py
[2022-02-04 02:37:39,705] {processor.py:654} INFO - DAG(s) dict_keys(['data_ingestion_taxi_zone']) retrieved from /opt/airflow/dags/data_ingestion_taxi_zone.py
[2022-02-04 02:37:39,713] {logging_mixin.py:109} INFO - [2022-02-04 02:37:39,713] {dag.py:2396} INFO - Sync 1 DAGs
[2022-02-04 02:37:39,725] {logging_mixin.py:109} INFO - [2022-02-04 02:37:39,725] {dag.py:2935} INFO - Setting next_dagrun for data_ingestion_taxi_zone to None
[2022-02-04 02:37:39,733] {processor.py:171} INFO - Processing /opt/airflow/dags/data_ingestion_taxi_zone.py took 0.733 seconds
[2022-02-04 02:38:09,934] {processor.py:163} INFO - Started process (PID=1981) to work on /opt/airflow/dags/data_ingestion_taxi_zone.py
[2022-02-04 02:38:09,936] {processor.py:642} INFO - Processing file /opt/airflow/dags/data_ingestion_taxi_zone.py for tasks to queue
[2022-02-04 02:38:09,936] {logging_mixin.py:109} INFO - [2022-02-04 02:38:09,936] {dagbag.py:500} INFO - Filling up the DagBag from /opt/airflow/dags/data_ingestion_taxi_zone.py
[2022-02-04 02:38:10,649] {processor.py:654} INFO - DAG(s) dict_keys(['data_ingestion_taxi_zone']) retrieved from /opt/airflow/dags/data_ingestion_taxi_zone.py
[2022-02-04 02:38:10,660] {logging_mixin.py:109} INFO - [2022-02-04 02:38:10,660] {dag.py:2396} INFO - Sync 1 DAGs
[2022-02-04 02:38:10,678] {logging_mixin.py:109} INFO - [2022-02-04 02:38:10,678] {dag.py:2935} INFO - Setting next_dagrun for data_ingestion_taxi_zone to None
[2022-02-04 02:38:10,686] {processor.py:171} INFO - Processing /opt/airflow/dags/data_ingestion_taxi_zone.py took 0.756 seconds
[2022-02-04 02:38:41,295] {processor.py:163} INFO - Started process (PID=2021) to work on /opt/airflow/dags/data_ingestion_taxi_zone.py
[2022-02-04 02:38:41,298] {processor.py:642} INFO - Processing file /opt/airflow/dags/data_ingestion_taxi_zone.py for tasks to queue
[2022-02-04 02:38:41,299] {logging_mixin.py:109} INFO - [2022-02-04 02:38:41,299] {dagbag.py:500} INFO - Filling up the DagBag from /opt/airflow/dags/data_ingestion_taxi_zone.py
[2022-02-04 02:38:42,058] {processor.py:654} INFO - DAG(s) dict_keys(['data_ingestion_taxi_zone']) retrieved from /opt/airflow/dags/data_ingestion_taxi_zone.py
[2022-02-04 02:38:42,067] {logging_mixin.py:109} INFO - [2022-02-04 02:38:42,067] {dag.py:2396} INFO - Sync 1 DAGs
[2022-02-04 02:38:42,081] {logging_mixin.py:109} INFO - [2022-02-04 02:38:42,081] {dag.py:2935} INFO - Setting next_dagrun for data_ingestion_taxi_zone to None
[2022-02-04 02:38:42,089] {processor.py:171} INFO - Processing /opt/airflow/dags/data_ingestion_taxi_zone.py took 0.798 seconds
[2022-02-04 02:39:12,407] {processor.py:163} INFO - Started process (PID=2074) to work on /opt/airflow/dags/data_ingestion_taxi_zone.py
[2022-02-04 02:39:12,408] {processor.py:642} INFO - Processing file /opt/airflow/dags/data_ingestion_taxi_zone.py for tasks to queue
[2022-02-04 02:39:12,409] {logging_mixin.py:109} INFO - [2022-02-04 02:39:12,409] {dagbag.py:500} INFO - Filling up the DagBag from /opt/airflow/dags/data_ingestion_taxi_zone.py
[2022-02-04 02:39:13,124] {processor.py:654} INFO - DAG(s) dict_keys(['data_ingestion_taxi_zone']) retrieved from /opt/airflow/dags/data_ingestion_taxi_zone.py
[2022-02-04 02:39:13,131] {logging_mixin.py:109} INFO - [2022-02-04 02:39:13,131] {dag.py:2396} INFO - Sync 1 DAGs
[2022-02-04 02:39:13,144] {logging_mixin.py:109} INFO - [2022-02-04 02:39:13,144] {dag.py:2935} INFO - Setting next_dagrun for data_ingestion_taxi_zone to None
[2022-02-04 02:39:13,151] {processor.py:171} INFO - Processing /opt/airflow/dags/data_ingestion_taxi_zone.py took 0.749 seconds
[2022-02-04 02:39:43,704] {processor.py:163} INFO - Started process (PID=2114) to work on /opt/airflow/dags/data_ingestion_taxi_zone.py
[2022-02-04 02:39:43,707] {processor.py:642} INFO - Processing file /opt/airflow/dags/data_ingestion_taxi_zone.py for tasks to queue
[2022-02-04 02:39:43,707] {logging_mixin.py:109} INFO - [2022-02-04 02:39:43,707] {dagbag.py:500} INFO - Filling up the DagBag from /opt/airflow/dags/data_ingestion_taxi_zone.py
[2022-02-04 02:39:44,523] {processor.py:654} INFO - DAG(s) dict_keys(['data_ingestion_taxi_zone']) retrieved from /opt/airflow/dags/data_ingestion_taxi_zone.py
[2022-02-04 02:39:44,531] {logging_mixin.py:109} INFO - [2022-02-04 02:39:44,531] {dag.py:2396} INFO - Sync 1 DAGs
[2022-02-04 02:39:44,544] {logging_mixin.py:109} INFO - [2022-02-04 02:39:44,544] {dag.py:2935} INFO - Setting next_dagrun for data_ingestion_taxi_zone to None
[2022-02-04 02:39:44,551] {processor.py:171} INFO - Processing /opt/airflow/dags/data_ingestion_taxi_zone.py took 0.851 seconds
[2022-02-04 02:40:14,866] {processor.py:163} INFO - Started process (PID=2164) to work on /opt/airflow/dags/data_ingestion_taxi_zone.py
[2022-02-04 02:40:14,868] {processor.py:642} INFO - Processing file /opt/airflow/dags/data_ingestion_taxi_zone.py for tasks to queue
[2022-02-04 02:40:14,869] {logging_mixin.py:109} INFO - [2022-02-04 02:40:14,869] {dagbag.py:500} INFO - Filling up the DagBag from /opt/airflow/dags/data_ingestion_taxi_zone.py
[2022-02-04 02:40:15,634] {processor.py:654} INFO - DAG(s) dict_keys(['data_ingestion_taxi_zone']) retrieved from /opt/airflow/dags/data_ingestion_taxi_zone.py
[2022-02-04 02:40:15,642] {logging_mixin.py:109} INFO - [2022-02-04 02:40:15,642] {dag.py:2396} INFO - Sync 1 DAGs
[2022-02-04 02:40:15,655] {logging_mixin.py:109} INFO - [2022-02-04 02:40:15,655] {dag.py:2935} INFO - Setting next_dagrun for data_ingestion_taxi_zone to None
[2022-02-04 02:40:15,662] {processor.py:171} INFO - Processing /opt/airflow/dags/data_ingestion_taxi_zone.py took 0.800 seconds
[2022-02-04 02:40:46,061] {processor.py:163} INFO - Started process (PID=2204) to work on /opt/airflow/dags/data_ingestion_taxi_zone.py
[2022-02-04 02:40:46,063] {processor.py:642} INFO - Processing file /opt/airflow/dags/data_ingestion_taxi_zone.py for tasks to queue
[2022-02-04 02:40:46,064] {logging_mixin.py:109} INFO - [2022-02-04 02:40:46,064] {dagbag.py:500} INFO - Filling up the DagBag from /opt/airflow/dags/data_ingestion_taxi_zone.py
[2022-02-04 02:40:46,901] {processor.py:654} INFO - DAG(s) dict_keys(['data_ingestion_taxi_zone']) retrieved from /opt/airflow/dags/data_ingestion_taxi_zone.py
[2022-02-04 02:40:46,912] {logging_mixin.py:109} INFO - [2022-02-04 02:40:46,912] {dag.py:2396} INFO - Sync 1 DAGs
[2022-02-04 02:40:46,931] {logging_mixin.py:109} INFO - [2022-02-04 02:40:46,931] {dag.py:2935} INFO - Setting next_dagrun for data_ingestion_taxi_zone to None
[2022-02-04 02:40:46,941] {processor.py:171} INFO - Processing /opt/airflow/dags/data_ingestion_taxi_zone.py took 0.884 seconds
[2022-02-04 02:41:17,309] {processor.py:163} INFO - Started process (PID=2254) to work on /opt/airflow/dags/data_ingestion_taxi_zone.py
[2022-02-04 02:41:17,310] {processor.py:642} INFO - Processing file /opt/airflow/dags/data_ingestion_taxi_zone.py for tasks to queue
[2022-02-04 02:41:17,311] {logging_mixin.py:109} INFO - [2022-02-04 02:41:17,310] {dagbag.py:500} INFO - Filling up the DagBag from /opt/airflow/dags/data_ingestion_taxi_zone.py
[2022-02-04 02:41:18,069] {processor.py:654} INFO - DAG(s) dict_keys(['data_ingestion_taxi_zone']) retrieved from /opt/airflow/dags/data_ingestion_taxi_zone.py
[2022-02-04 02:41:18,077] {logging_mixin.py:109} INFO - [2022-02-04 02:41:18,077] {dag.py:2396} INFO - Sync 1 DAGs
[2022-02-04 02:41:18,089] {logging_mixin.py:109} INFO - [2022-02-04 02:41:18,089] {dag.py:2935} INFO - Setting next_dagrun for data_ingestion_taxi_zone to None
[2022-02-04 02:41:18,097] {processor.py:171} INFO - Processing /opt/airflow/dags/data_ingestion_taxi_zone.py took 0.793 seconds
[2022-02-04 02:41:48,495] {processor.py:163} INFO - Started process (PID=2302) to work on /opt/airflow/dags/data_ingestion_taxi_zone.py
[2022-02-04 02:41:48,497] {processor.py:642} INFO - Processing file /opt/airflow/dags/data_ingestion_taxi_zone.py for tasks to queue
[2022-02-04 02:41:48,498] {logging_mixin.py:109} INFO - [2022-02-04 02:41:48,498] {dagbag.py:500} INFO - Filling up the DagBag from /opt/airflow/dags/data_ingestion_taxi_zone.py
[2022-02-04 02:41:49,509] {processor.py:654} INFO - DAG(s) dict_keys(['data_ingestion_taxi_zone']) retrieved from /opt/airflow/dags/data_ingestion_taxi_zone.py
[2022-02-04 02:41:49,516] {logging_mixin.py:109} INFO - [2022-02-04 02:41:49,516] {dag.py:2396} INFO - Sync 1 DAGs
[2022-02-04 02:41:49,529] {logging_mixin.py:109} INFO - [2022-02-04 02:41:49,529] {dag.py:2935} INFO - Setting next_dagrun for data_ingestion_taxi_zone to None
[2022-02-04 02:41:49,537] {processor.py:171} INFO - Processing /opt/airflow/dags/data_ingestion_taxi_zone.py took 1.047 seconds
[2022-02-04 02:42:19,620] {processor.py:163} INFO - Started process (PID=2341) to work on /opt/airflow/dags/data_ingestion_taxi_zone.py
[2022-02-04 02:42:19,622] {processor.py:642} INFO - Processing file /opt/airflow/dags/data_ingestion_taxi_zone.py for tasks to queue
[2022-02-04 02:42:19,622] {logging_mixin.py:109} INFO - [2022-02-04 02:42:19,622] {dagbag.py:500} INFO - Filling up the DagBag from /opt/airflow/dags/data_ingestion_taxi_zone.py
[2022-02-04 02:42:20,376] {processor.py:654} INFO - DAG(s) dict_keys(['data_ingestion_taxi_zone']) retrieved from /opt/airflow/dags/data_ingestion_taxi_zone.py
[2022-02-04 02:42:20,384] {logging_mixin.py:109} INFO - [2022-02-04 02:42:20,383] {dag.py:2396} INFO - Sync 1 DAGs
[2022-02-04 02:42:20,396] {logging_mixin.py:109} INFO - [2022-02-04 02:42:20,396] {dag.py:2935} INFO - Setting next_dagrun for data_ingestion_taxi_zone to None
[2022-02-04 02:42:20,405] {processor.py:171} INFO - Processing /opt/airflow/dags/data_ingestion_taxi_zone.py took 0.788 seconds
[2022-02-04 02:42:50,970] {processor.py:163} INFO - Started process (PID=2389) to work on /opt/airflow/dags/data_ingestion_taxi_zone.py
[2022-02-04 02:42:50,972] {processor.py:642} INFO - Processing file /opt/airflow/dags/data_ingestion_taxi_zone.py for tasks to queue
[2022-02-04 02:42:50,973] {logging_mixin.py:109} INFO - [2022-02-04 02:42:50,973] {dagbag.py:500} INFO - Filling up the DagBag from /opt/airflow/dags/data_ingestion_taxi_zone.py
[2022-02-04 02:42:51,706] {processor.py:654} INFO - DAG(s) dict_keys(['data_ingestion_taxi_zone']) retrieved from /opt/airflow/dags/data_ingestion_taxi_zone.py
[2022-02-04 02:42:51,714] {logging_mixin.py:109} INFO - [2022-02-04 02:42:51,714] {dag.py:2396} INFO - Sync 1 DAGs
[2022-02-04 02:42:51,727] {logging_mixin.py:109} INFO - [2022-02-04 02:42:51,727] {dag.py:2935} INFO - Setting next_dagrun for data_ingestion_taxi_zone to None
[2022-02-04 02:42:51,736] {processor.py:171} INFO - Processing /opt/airflow/dags/data_ingestion_taxi_zone.py took 0.770 seconds
[2022-02-04 02:43:21,837] {processor.py:163} INFO - Started process (PID=2428) to work on /opt/airflow/dags/data_ingestion_taxi_zone.py
[2022-02-04 02:43:21,839] {processor.py:642} INFO - Processing file /opt/airflow/dags/data_ingestion_taxi_zone.py for tasks to queue
[2022-02-04 02:43:21,840] {logging_mixin.py:109} INFO - [2022-02-04 02:43:21,840] {dagbag.py:500} INFO - Filling up the DagBag from /opt/airflow/dags/data_ingestion_taxi_zone.py
[2022-02-04 02:43:22,574] {processor.py:654} INFO - DAG(s) dict_keys(['data_ingestion_taxi_zone']) retrieved from /opt/airflow/dags/data_ingestion_taxi_zone.py
[2022-02-04 02:43:22,582] {logging_mixin.py:109} INFO - [2022-02-04 02:43:22,581] {dag.py:2396} INFO - Sync 1 DAGs
[2022-02-04 02:43:22,594] {logging_mixin.py:109} INFO - [2022-02-04 02:43:22,594] {dag.py:2935} INFO - Setting next_dagrun for data_ingestion_taxi_zone to None
[2022-02-04 02:43:22,601] {processor.py:171} INFO - Processing /opt/airflow/dags/data_ingestion_taxi_zone.py took 0.768 seconds
[2022-02-04 02:43:52,686] {processor.py:163} INFO - Started process (PID=2478) to work on /opt/airflow/dags/data_ingestion_taxi_zone.py
[2022-02-04 02:43:52,688] {processor.py:642} INFO - Processing file /opt/airflow/dags/data_ingestion_taxi_zone.py for tasks to queue
[2022-02-04 02:43:52,689] {logging_mixin.py:109} INFO - [2022-02-04 02:43:52,689] {dagbag.py:500} INFO - Filling up the DagBag from /opt/airflow/dags/data_ingestion_taxi_zone.py
[2022-02-04 02:43:53,435] {processor.py:654} INFO - DAG(s) dict_keys(['data_ingestion_taxi_zone']) retrieved from /opt/airflow/dags/data_ingestion_taxi_zone.py
[2022-02-04 02:43:53,442] {logging_mixin.py:109} INFO - [2022-02-04 02:43:53,442] {dag.py:2396} INFO - Sync 1 DAGs
[2022-02-04 02:43:53,455] {logging_mixin.py:109} INFO - [2022-02-04 02:43:53,455] {dag.py:2935} INFO - Setting next_dagrun for data_ingestion_taxi_zone to None
[2022-02-04 02:43:53,462] {processor.py:171} INFO - Processing /opt/airflow/dags/data_ingestion_taxi_zone.py took 0.780 seconds
[2022-02-04 02:44:23,840] {processor.py:163} INFO - Started process (PID=2518) to work on /opt/airflow/dags/data_ingestion_taxi_zone.py
[2022-02-04 02:44:23,842] {processor.py:642} INFO - Processing file /opt/airflow/dags/data_ingestion_taxi_zone.py for tasks to queue
[2022-02-04 02:44:23,843] {logging_mixin.py:109} INFO - [2022-02-04 02:44:23,843] {dagbag.py:500} INFO - Filling up the DagBag from /opt/airflow/dags/data_ingestion_taxi_zone.py
[2022-02-04 02:44:24,580] {processor.py:654} INFO - DAG(s) dict_keys(['data_ingestion_taxi_zone']) retrieved from /opt/airflow/dags/data_ingestion_taxi_zone.py
[2022-02-04 02:44:24,587] {logging_mixin.py:109} INFO - [2022-02-04 02:44:24,587] {dag.py:2396} INFO - Sync 1 DAGs
[2022-02-04 02:44:24,599] {logging_mixin.py:109} INFO - [2022-02-04 02:44:24,599] {dag.py:2935} INFO - Setting next_dagrun for data_ingestion_taxi_zone to None
[2022-02-04 02:44:24,606] {processor.py:171} INFO - Processing /opt/airflow/dags/data_ingestion_taxi_zone.py took 0.770 seconds
[2022-02-04 02:44:54,691] {processor.py:163} INFO - Started process (PID=2565) to work on /opt/airflow/dags/data_ingestion_taxi_zone.py
[2022-02-04 02:44:54,693] {processor.py:642} INFO - Processing file /opt/airflow/dags/data_ingestion_taxi_zone.py for tasks to queue
[2022-02-04 02:44:54,694] {logging_mixin.py:109} INFO - [2022-02-04 02:44:54,694] {dagbag.py:500} INFO - Filling up the DagBag from /opt/airflow/dags/data_ingestion_taxi_zone.py
[2022-02-04 02:44:55,395] {processor.py:654} INFO - DAG(s) dict_keys(['data_ingestion_taxi_zone']) retrieved from /opt/airflow/dags/data_ingestion_taxi_zone.py
[2022-02-04 02:44:55,402] {logging_mixin.py:109} INFO - [2022-02-04 02:44:55,402] {dag.py:2396} INFO - Sync 1 DAGs
[2022-02-04 02:44:55,415] {logging_mixin.py:109} INFO - [2022-02-04 02:44:55,415] {dag.py:2935} INFO - Setting next_dagrun for data_ingestion_taxi_zone to None
[2022-02-04 02:44:55,422] {processor.py:171} INFO - Processing /opt/airflow/dags/data_ingestion_taxi_zone.py took 0.735 seconds
[2022-02-04 02:45:25,702] {processor.py:163} INFO - Started process (PID=2616) to work on /opt/airflow/dags/data_ingestion_taxi_zone.py
[2022-02-04 02:45:25,704] {processor.py:642} INFO - Processing file /opt/airflow/dags/data_ingestion_taxi_zone.py for tasks to queue
[2022-02-04 02:45:25,705] {logging_mixin.py:109} INFO - [2022-02-04 02:45:25,705] {dagbag.py:500} INFO - Filling up the DagBag from /opt/airflow/dags/data_ingestion_taxi_zone.py
[2022-02-04 02:45:26,455] {processor.py:654} INFO - DAG(s) dict_keys(['data_ingestion_taxi_zone']) retrieved from /opt/airflow/dags/data_ingestion_taxi_zone.py
[2022-02-04 02:45:26,467] {logging_mixin.py:109} INFO - [2022-02-04 02:45:26,467] {dag.py:2396} INFO - Sync 1 DAGs
[2022-02-04 02:45:26,485] {logging_mixin.py:109} INFO - [2022-02-04 02:45:26,485] {dag.py:2935} INFO - Setting next_dagrun for data_ingestion_taxi_zone to None
[2022-02-04 02:45:26,493] {processor.py:171} INFO - Processing /opt/airflow/dags/data_ingestion_taxi_zone.py took 0.795 seconds
