[2022-02-02 03:56:30,354] {processor.py:163} INFO - Started process (PID=350) to work on /opt/airflow/dags/homework.py
[2022-02-02 03:56:30,355] {processor.py:642} INFO - Processing file /opt/airflow/dags/homework.py for tasks to queue
[2022-02-02 03:56:30,355] {logging_mixin.py:109} INFO - [2022-02-02 03:56:30,355] {dagbag.py:500} INFO - Filling up the DagBag from /opt/airflow/dags/homework.py
[2022-02-02 03:56:31,104] {processor.py:654} INFO - DAG(s) dict_keys(['data_ingestion_gcs_dag_hw']) retrieved from /opt/airflow/dags/homework.py
[2022-02-02 03:56:31,287] {logging_mixin.py:109} INFO - [2022-02-02 03:56:31,287] {dag.py:2396} INFO - Sync 1 DAGs
[2022-02-02 03:56:31,293] {logging_mixin.py:109} INFO - [2022-02-02 03:56:31,292] {dag.py:2415} INFO - Creating ORM DAG for data_ingestion_gcs_dag_hw
[2022-02-02 03:56:31,301] {logging_mixin.py:109} INFO - [2022-02-02 03:56:31,301] {dag.py:2935} INFO - Setting next_dagrun for data_ingestion_gcs_dag_hw to 2019-01-02 06:00:00+00:00
[2022-02-02 03:56:31,314] {processor.py:171} INFO - Processing /opt/airflow/dags/homework.py took 0.964 seconds
[2022-02-02 03:57:01,440] {processor.py:163} INFO - Started process (PID=390) to work on /opt/airflow/dags/homework.py
[2022-02-02 03:57:01,442] {processor.py:642} INFO - Processing file /opt/airflow/dags/homework.py for tasks to queue
[2022-02-02 03:57:01,443] {logging_mixin.py:109} INFO - [2022-02-02 03:57:01,443] {dagbag.py:500} INFO - Filling up the DagBag from /opt/airflow/dags/homework.py
[2022-02-02 03:57:02,154] {processor.py:654} INFO - DAG(s) dict_keys(['data_ingestion_gcs_dag_hw']) retrieved from /opt/airflow/dags/homework.py
[2022-02-02 03:57:02,162] {logging_mixin.py:109} INFO - [2022-02-02 03:57:02,162] {dag.py:2396} INFO - Sync 1 DAGs
[2022-02-02 03:57:02,182] {processor.py:171} INFO - Processing /opt/airflow/dags/homework.py took 0.746 seconds
[2022-02-02 03:57:32,530] {processor.py:163} INFO - Started process (PID=418) to work on /opt/airflow/dags/homework.py
[2022-02-02 03:57:32,531] {processor.py:642} INFO - Processing file /opt/airflow/dags/homework.py for tasks to queue
[2022-02-02 03:57:32,532] {logging_mixin.py:109} INFO - [2022-02-02 03:57:32,532] {dagbag.py:500} INFO - Filling up the DagBag from /opt/airflow/dags/homework.py
[2022-02-02 03:57:33,325] {processor.py:654} INFO - DAG(s) dict_keys(['data_ingestion_gcs_dag_hw']) retrieved from /opt/airflow/dags/homework.py
[2022-02-02 03:57:33,332] {logging_mixin.py:109} INFO - [2022-02-02 03:57:33,332] {dag.py:2396} INFO - Sync 1 DAGs
[2022-02-02 03:57:33,354] {processor.py:171} INFO - Processing /opt/airflow/dags/homework.py took 0.829 seconds
[2022-02-02 03:58:03,426] {processor.py:163} INFO - Started process (PID=456) to work on /opt/airflow/dags/homework.py
[2022-02-02 03:58:03,427] {processor.py:642} INFO - Processing file /opt/airflow/dags/homework.py for tasks to queue
[2022-02-02 03:58:03,427] {logging_mixin.py:109} INFO - [2022-02-02 03:58:03,427] {dagbag.py:500} INFO - Filling up the DagBag from /opt/airflow/dags/homework.py
[2022-02-02 03:58:04,157] {processor.py:654} INFO - DAG(s) dict_keys(['data_ingestion_gcs_dag_hw']) retrieved from /opt/airflow/dags/homework.py
[2022-02-02 03:58:04,164] {logging_mixin.py:109} INFO - [2022-02-02 03:58:04,164] {dag.py:2396} INFO - Sync 1 DAGs
[2022-02-02 03:58:04,183] {processor.py:171} INFO - Processing /opt/airflow/dags/homework.py took 0.762 seconds
[2022-02-02 03:58:34,281] {processor.py:163} INFO - Started process (PID=496) to work on /opt/airflow/dags/homework.py
[2022-02-02 03:58:34,283] {processor.py:642} INFO - Processing file /opt/airflow/dags/homework.py for tasks to queue
[2022-02-02 03:58:34,284] {logging_mixin.py:109} INFO - [2022-02-02 03:58:34,284] {dagbag.py:500} INFO - Filling up the DagBag from /opt/airflow/dags/homework.py
[2022-02-02 03:58:35,156] {processor.py:654} INFO - DAG(s) dict_keys(['data_ingestion_gcs_dag_hw']) retrieved from /opt/airflow/dags/homework.py
[2022-02-02 03:58:35,164] {logging_mixin.py:109} INFO - [2022-02-02 03:58:35,164] {dag.py:2396} INFO - Sync 1 DAGs
[2022-02-02 03:58:35,184] {processor.py:171} INFO - Processing /opt/airflow/dags/homework.py took 0.909 seconds
[2022-02-02 03:59:05,283] {processor.py:163} INFO - Started process (PID=527) to work on /opt/airflow/dags/homework.py
[2022-02-02 03:59:05,285] {processor.py:642} INFO - Processing file /opt/airflow/dags/homework.py for tasks to queue
[2022-02-02 03:59:05,285] {logging_mixin.py:109} INFO - [2022-02-02 03:59:05,285] {dagbag.py:500} INFO - Filling up the DagBag from /opt/airflow/dags/homework.py
[2022-02-02 03:59:05,995] {processor.py:654} INFO - DAG(s) dict_keys(['data_ingestion_gcs_dag_hw']) retrieved from /opt/airflow/dags/homework.py
[2022-02-02 03:59:06,003] {logging_mixin.py:109} INFO - [2022-02-02 03:59:06,002] {dag.py:2396} INFO - Sync 1 DAGs
[2022-02-02 03:59:06,022] {processor.py:171} INFO - Processing /opt/airflow/dags/homework.py took 0.743 seconds
[2022-02-02 03:59:36,118] {processor.py:163} INFO - Started process (PID=568) to work on /opt/airflow/dags/homework.py
[2022-02-02 03:59:36,120] {processor.py:642} INFO - Processing file /opt/airflow/dags/homework.py for tasks to queue
[2022-02-02 03:59:36,121] {logging_mixin.py:109} INFO - [2022-02-02 03:59:36,120] {dagbag.py:500} INFO - Filling up the DagBag from /opt/airflow/dags/homework.py
[2022-02-02 03:59:36,846] {processor.py:654} INFO - DAG(s) dict_keys(['data_ingestion_gcs_dag_hw']) retrieved from /opt/airflow/dags/homework.py
[2022-02-02 03:59:36,854] {logging_mixin.py:109} INFO - [2022-02-02 03:59:36,853] {dag.py:2396} INFO - Sync 1 DAGs
[2022-02-02 03:59:36,873] {processor.py:171} INFO - Processing /opt/airflow/dags/homework.py took 0.760 seconds
[2022-02-02 04:00:06,958] {processor.py:163} INFO - Started process (PID=598) to work on /opt/airflow/dags/homework.py
[2022-02-02 04:00:06,959] {processor.py:642} INFO - Processing file /opt/airflow/dags/homework.py for tasks to queue
[2022-02-02 04:00:06,960] {logging_mixin.py:109} INFO - [2022-02-02 04:00:06,959] {dagbag.py:500} INFO - Filling up the DagBag from /opt/airflow/dags/homework.py
[2022-02-02 04:00:07,715] {processor.py:654} INFO - DAG(s) dict_keys(['data_ingestion_gcs_dag_hw']) retrieved from /opt/airflow/dags/homework.py
[2022-02-02 04:00:07,723] {logging_mixin.py:109} INFO - [2022-02-02 04:00:07,722] {dag.py:2396} INFO - Sync 1 DAGs
[2022-02-02 04:00:07,742] {processor.py:171} INFO - Processing /opt/airflow/dags/homework.py took 0.788 seconds
[2022-02-02 04:00:37,826] {processor.py:163} INFO - Started process (PID=638) to work on /opt/airflow/dags/homework.py
[2022-02-02 04:00:37,828] {processor.py:642} INFO - Processing file /opt/airflow/dags/homework.py for tasks to queue
[2022-02-02 04:00:37,829] {logging_mixin.py:109} INFO - [2022-02-02 04:00:37,828] {dagbag.py:500} INFO - Filling up the DagBag from /opt/airflow/dags/homework.py
[2022-02-02 04:00:38,556] {processor.py:654} INFO - DAG(s) dict_keys(['data_ingestion_gcs_dag_hw']) retrieved from /opt/airflow/dags/homework.py
[2022-02-02 04:00:38,563] {logging_mixin.py:109} INFO - [2022-02-02 04:00:38,563] {dag.py:2396} INFO - Sync 1 DAGs
[2022-02-02 04:00:38,583] {processor.py:171} INFO - Processing /opt/airflow/dags/homework.py took 0.761 seconds
[2022-02-02 04:01:08,672] {processor.py:163} INFO - Started process (PID=667) to work on /opt/airflow/dags/homework.py
[2022-02-02 04:01:08,673] {processor.py:642} INFO - Processing file /opt/airflow/dags/homework.py for tasks to queue
[2022-02-02 04:01:08,673] {logging_mixin.py:109} INFO - [2022-02-02 04:01:08,673] {dagbag.py:500} INFO - Filling up the DagBag from /opt/airflow/dags/homework.py
[2022-02-02 04:01:09,462] {processor.py:654} INFO - DAG(s) dict_keys(['data_ingestion_gcs_dag_hw']) retrieved from /opt/airflow/dags/homework.py
[2022-02-02 04:01:09,473] {logging_mixin.py:109} INFO - [2022-02-02 04:01:09,473] {dag.py:2396} INFO - Sync 1 DAGs
[2022-02-02 04:01:09,493] {processor.py:171} INFO - Processing /opt/airflow/dags/homework.py took 0.826 seconds
[2022-02-02 04:01:39,596] {processor.py:163} INFO - Started process (PID=708) to work on /opt/airflow/dags/homework.py
[2022-02-02 04:01:39,598] {processor.py:642} INFO - Processing file /opt/airflow/dags/homework.py for tasks to queue
[2022-02-02 04:01:39,598] {logging_mixin.py:109} INFO - [2022-02-02 04:01:39,598] {dagbag.py:500} INFO - Filling up the DagBag from /opt/airflow/dags/homework.py
[2022-02-02 04:01:40,350] {processor.py:654} INFO - DAG(s) dict_keys(['data_ingestion_gcs_dag_hw']) retrieved from /opt/airflow/dags/homework.py
[2022-02-02 04:01:40,358] {logging_mixin.py:109} INFO - [2022-02-02 04:01:40,358] {dag.py:2396} INFO - Sync 1 DAGs
[2022-02-02 04:01:40,378] {processor.py:171} INFO - Processing /opt/airflow/dags/homework.py took 0.788 seconds
[2022-02-02 04:02:10,470] {processor.py:163} INFO - Started process (PID=736) to work on /opt/airflow/dags/homework.py
[2022-02-02 04:02:10,472] {processor.py:642} INFO - Processing file /opt/airflow/dags/homework.py for tasks to queue
[2022-02-02 04:02:10,473] {logging_mixin.py:109} INFO - [2022-02-02 04:02:10,472] {dagbag.py:500} INFO - Filling up the DagBag from /opt/airflow/dags/homework.py
[2022-02-02 04:02:11,205] {processor.py:654} INFO - DAG(s) dict_keys(['data_ingestion_gcs_dag_hw']) retrieved from /opt/airflow/dags/homework.py
[2022-02-02 04:02:11,214] {logging_mixin.py:109} INFO - [2022-02-02 04:02:11,214] {dag.py:2396} INFO - Sync 1 DAGs
[2022-02-02 04:02:11,235] {processor.py:171} INFO - Processing /opt/airflow/dags/homework.py took 0.769 seconds
[2022-02-02 04:02:41,321] {processor.py:163} INFO - Started process (PID=778) to work on /opt/airflow/dags/homework.py
[2022-02-02 04:02:41,323] {processor.py:642} INFO - Processing file /opt/airflow/dags/homework.py for tasks to queue
[2022-02-02 04:02:41,324] {logging_mixin.py:109} INFO - [2022-02-02 04:02:41,324] {dagbag.py:500} INFO - Filling up the DagBag from /opt/airflow/dags/homework.py
[2022-02-02 04:02:42,049] {processor.py:654} INFO - DAG(s) dict_keys(['data_ingestion_gcs_dag_hw']) retrieved from /opt/airflow/dags/homework.py
[2022-02-02 04:02:42,057] {logging_mixin.py:109} INFO - [2022-02-02 04:02:42,057] {dag.py:2396} INFO - Sync 1 DAGs
[2022-02-02 04:02:42,076] {processor.py:171} INFO - Processing /opt/airflow/dags/homework.py took 0.760 seconds
[2022-02-02 04:03:12,106] {processor.py:163} INFO - Started process (PID=809) to work on /opt/airflow/dags/homework.py
[2022-02-02 04:03:12,107] {processor.py:642} INFO - Processing file /opt/airflow/dags/homework.py for tasks to queue
[2022-02-02 04:03:12,108] {logging_mixin.py:109} INFO - [2022-02-02 04:03:12,108] {dagbag.py:500} INFO - Filling up the DagBag from /opt/airflow/dags/homework.py
[2022-02-02 04:03:12,847] {processor.py:654} INFO - DAG(s) dict_keys(['data_ingestion_gcs_dag_hw']) retrieved from /opt/airflow/dags/homework.py
[2022-02-02 04:03:12,855] {logging_mixin.py:109} INFO - [2022-02-02 04:03:12,854] {dag.py:2396} INFO - Sync 1 DAGs
[2022-02-02 04:03:12,875] {processor.py:171} INFO - Processing /opt/airflow/dags/homework.py took 0.774 seconds
[2022-02-02 04:03:42,999] {processor.py:163} INFO - Started process (PID=847) to work on /opt/airflow/dags/homework.py
[2022-02-02 04:03:43,002] {processor.py:642} INFO - Processing file /opt/airflow/dags/homework.py for tasks to queue
[2022-02-02 04:03:43,003] {logging_mixin.py:109} INFO - [2022-02-02 04:03:43,003] {dagbag.py:500} INFO - Filling up the DagBag from /opt/airflow/dags/homework.py
[2022-02-02 04:03:44,104] {processor.py:654} INFO - DAG(s) dict_keys(['data_ingestion_gcs_dag_hw']) retrieved from /opt/airflow/dags/homework.py
[2022-02-02 04:03:44,120] {logging_mixin.py:109} INFO - [2022-02-02 04:03:44,120] {dag.py:2396} INFO - Sync 1 DAGs
[2022-02-02 04:03:44,150] {processor.py:171} INFO - Processing /opt/airflow/dags/homework.py took 1.156 seconds
[2022-02-02 04:04:06,853] {processor.py:163} INFO - Started process (PID=866) to work on /opt/airflow/dags/homework.py
[2022-02-02 04:04:06,855] {processor.py:642} INFO - Processing file /opt/airflow/dags/homework.py for tasks to queue
[2022-02-02 04:04:06,856] {logging_mixin.py:109} INFO - [2022-02-02 04:04:06,856] {dagbag.py:500} INFO - Filling up the DagBag from /opt/airflow/dags/homework.py
[2022-02-02 04:04:07,607] {processor.py:654} INFO - DAG(s) dict_keys(['data_ingestion_gcs_dag_hw']) retrieved from /opt/airflow/dags/homework.py
[2022-02-02 04:04:07,787] {logging_mixin.py:109} INFO - [2022-02-02 04:04:07,786] {dag.py:2396} INFO - Sync 1 DAGs
[2022-02-02 04:04:07,813] {processor.py:171} INFO - Processing /opt/airflow/dags/homework.py took 0.963 seconds
[2022-02-02 04:04:38,310] {processor.py:163} INFO - Started process (PID=904) to work on /opt/airflow/dags/homework.py
[2022-02-02 04:04:38,313] {processor.py:642} INFO - Processing file /opt/airflow/dags/homework.py for tasks to queue
[2022-02-02 04:04:38,313] {logging_mixin.py:109} INFO - [2022-02-02 04:04:38,313] {dagbag.py:500} INFO - Filling up the DagBag from /opt/airflow/dags/homework.py
[2022-02-02 04:04:39,039] {processor.py:654} INFO - DAG(s) dict_keys(['data_ingestion_gcs_dag_hw']) retrieved from /opt/airflow/dags/homework.py
[2022-02-02 04:04:39,047] {logging_mixin.py:109} INFO - [2022-02-02 04:04:39,046] {dag.py:2396} INFO - Sync 1 DAGs
[2022-02-02 04:04:39,066] {processor.py:171} INFO - Processing /opt/airflow/dags/homework.py took 0.760 seconds
[2022-02-02 04:05:09,145] {processor.py:163} INFO - Started process (PID=932) to work on /opt/airflow/dags/homework.py
[2022-02-02 04:05:09,146] {processor.py:642} INFO - Processing file /opt/airflow/dags/homework.py for tasks to queue
[2022-02-02 04:05:09,147] {logging_mixin.py:109} INFO - [2022-02-02 04:05:09,146] {dagbag.py:500} INFO - Filling up the DagBag from /opt/airflow/dags/homework.py
[2022-02-02 04:05:09,874] {processor.py:654} INFO - DAG(s) dict_keys(['data_ingestion_gcs_dag_hw']) retrieved from /opt/airflow/dags/homework.py
[2022-02-02 04:05:09,881] {logging_mixin.py:109} INFO - [2022-02-02 04:05:09,881] {dag.py:2396} INFO - Sync 1 DAGs
[2022-02-02 04:05:09,900] {processor.py:171} INFO - Processing /opt/airflow/dags/homework.py took 0.760 seconds
[2022-02-02 04:05:39,979] {processor.py:163} INFO - Started process (PID=971) to work on /opt/airflow/dags/homework.py
[2022-02-02 04:05:39,982] {processor.py:642} INFO - Processing file /opt/airflow/dags/homework.py for tasks to queue
[2022-02-02 04:05:39,982] {logging_mixin.py:109} INFO - [2022-02-02 04:05:39,982] {dagbag.py:500} INFO - Filling up the DagBag from /opt/airflow/dags/homework.py
[2022-02-02 04:05:40,735] {processor.py:654} INFO - DAG(s) dict_keys(['data_ingestion_gcs_dag_hw']) retrieved from /opt/airflow/dags/homework.py
[2022-02-02 04:05:40,743] {logging_mixin.py:109} INFO - [2022-02-02 04:05:40,743] {dag.py:2396} INFO - Sync 1 DAGs
[2022-02-02 04:05:40,763] {processor.py:171} INFO - Processing /opt/airflow/dags/homework.py took 0.788 seconds
[2022-02-02 04:06:10,839] {processor.py:163} INFO - Started process (PID=1010) to work on /opt/airflow/dags/homework.py
[2022-02-02 04:06:10,840] {processor.py:642} INFO - Processing file /opt/airflow/dags/homework.py for tasks to queue
[2022-02-02 04:06:10,841] {logging_mixin.py:109} INFO - [2022-02-02 04:06:10,841] {dagbag.py:500} INFO - Filling up the DagBag from /opt/airflow/dags/homework.py
[2022-02-02 04:06:11,676] {processor.py:654} INFO - DAG(s) dict_keys(['data_ingestion_gcs_dag_hw']) retrieved from /opt/airflow/dags/homework.py
[2022-02-02 04:06:11,684] {logging_mixin.py:109} INFO - [2022-02-02 04:06:11,684] {dag.py:2396} INFO - Sync 1 DAGs
[2022-02-02 04:06:11,703] {processor.py:171} INFO - Processing /opt/airflow/dags/homework.py took 0.868 seconds
[2022-02-02 04:06:41,791] {processor.py:163} INFO - Started process (PID=1038) to work on /opt/airflow/dags/homework.py
[2022-02-02 04:06:41,795] {processor.py:642} INFO - Processing file /opt/airflow/dags/homework.py for tasks to queue
[2022-02-02 04:06:41,795] {logging_mixin.py:109} INFO - [2022-02-02 04:06:41,795] {dagbag.py:500} INFO - Filling up the DagBag from /opt/airflow/dags/homework.py
[2022-02-02 04:06:42,540] {processor.py:654} INFO - DAG(s) dict_keys(['data_ingestion_gcs_dag_hw']) retrieved from /opt/airflow/dags/homework.py
[2022-02-02 04:06:42,548] {logging_mixin.py:109} INFO - [2022-02-02 04:06:42,548] {dag.py:2396} INFO - Sync 1 DAGs
[2022-02-02 04:06:42,572] {processor.py:171} INFO - Processing /opt/airflow/dags/homework.py took 0.784 seconds
[2022-02-02 04:07:12,654] {processor.py:163} INFO - Started process (PID=1077) to work on /opt/airflow/dags/homework.py
[2022-02-02 04:07:12,655] {processor.py:642} INFO - Processing file /opt/airflow/dags/homework.py for tasks to queue
[2022-02-02 04:07:12,656] {logging_mixin.py:109} INFO - [2022-02-02 04:07:12,656] {dagbag.py:500} INFO - Filling up the DagBag from /opt/airflow/dags/homework.py
[2022-02-02 04:07:13,540] {processor.py:654} INFO - DAG(s) dict_keys(['data_ingestion_gcs_dag_hw']) retrieved from /opt/airflow/dags/homework.py
[2022-02-02 04:07:13,548] {logging_mixin.py:109} INFO - [2022-02-02 04:07:13,548] {dag.py:2396} INFO - Sync 1 DAGs
[2022-02-02 04:07:13,569] {processor.py:171} INFO - Processing /opt/airflow/dags/homework.py took 0.921 seconds
[2022-02-02 04:07:43,658] {processor.py:163} INFO - Started process (PID=1106) to work on /opt/airflow/dags/homework.py
[2022-02-02 04:07:43,661] {processor.py:642} INFO - Processing file /opt/airflow/dags/homework.py for tasks to queue
[2022-02-02 04:07:43,661] {logging_mixin.py:109} INFO - [2022-02-02 04:07:43,661] {dagbag.py:500} INFO - Filling up the DagBag from /opt/airflow/dags/homework.py
[2022-02-02 04:07:44,380] {processor.py:654} INFO - DAG(s) dict_keys(['data_ingestion_gcs_dag_hw']) retrieved from /opt/airflow/dags/homework.py
[2022-02-02 04:07:44,388] {logging_mixin.py:109} INFO - [2022-02-02 04:07:44,388] {dag.py:2396} INFO - Sync 1 DAGs
[2022-02-02 04:07:44,410] {processor.py:171} INFO - Processing /opt/airflow/dags/homework.py took 0.757 seconds
[2022-02-02 04:08:14,495] {processor.py:163} INFO - Started process (PID=1146) to work on /opt/airflow/dags/homework.py
[2022-02-02 04:08:14,497] {processor.py:642} INFO - Processing file /opt/airflow/dags/homework.py for tasks to queue
[2022-02-02 04:08:14,498] {logging_mixin.py:109} INFO - [2022-02-02 04:08:14,498] {dagbag.py:500} INFO - Filling up the DagBag from /opt/airflow/dags/homework.py
[2022-02-02 04:08:15,378] {processor.py:654} INFO - DAG(s) dict_keys(['data_ingestion_gcs_dag_hw']) retrieved from /opt/airflow/dags/homework.py
[2022-02-02 04:08:15,386] {logging_mixin.py:109} INFO - [2022-02-02 04:08:15,385] {dag.py:2396} INFO - Sync 1 DAGs
[2022-02-02 04:08:15,406] {processor.py:171} INFO - Processing /opt/airflow/dags/homework.py took 0.917 seconds
[2022-02-02 04:08:45,489] {processor.py:163} INFO - Started process (PID=1178) to work on /opt/airflow/dags/homework.py
[2022-02-02 04:08:45,491] {processor.py:642} INFO - Processing file /opt/airflow/dags/homework.py for tasks to queue
[2022-02-02 04:08:45,491] {logging_mixin.py:109} INFO - [2022-02-02 04:08:45,491] {dagbag.py:500} INFO - Filling up the DagBag from /opt/airflow/dags/homework.py
[2022-02-02 04:08:46,233] {processor.py:654} INFO - DAG(s) dict_keys(['data_ingestion_gcs_dag_hw']) retrieved from /opt/airflow/dags/homework.py
[2022-02-02 04:08:46,242] {logging_mixin.py:109} INFO - [2022-02-02 04:08:46,242] {dag.py:2396} INFO - Sync 1 DAGs
[2022-02-02 04:08:46,265] {processor.py:171} INFO - Processing /opt/airflow/dags/homework.py took 0.781 seconds
[2022-02-02 04:09:16,949] {processor.py:163} INFO - Started process (PID=1218) to work on /opt/airflow/dags/homework.py
[2022-02-02 04:09:16,950] {processor.py:642} INFO - Processing file /opt/airflow/dags/homework.py for tasks to queue
[2022-02-02 04:09:16,951] {logging_mixin.py:109} INFO - [2022-02-02 04:09:16,951] {dagbag.py:500} INFO - Filling up the DagBag from /opt/airflow/dags/homework.py
[2022-02-02 04:09:17,705] {processor.py:654} INFO - DAG(s) dict_keys(['data_ingestion_gcs_dag_hw']) retrieved from /opt/airflow/dags/homework.py
[2022-02-02 04:09:17,713] {logging_mixin.py:109} INFO - [2022-02-02 04:09:17,713] {dag.py:2396} INFO - Sync 1 DAGs
[2022-02-02 04:09:17,734] {processor.py:171} INFO - Processing /opt/airflow/dags/homework.py took 0.789 seconds
[2022-02-02 04:09:47,836] {processor.py:163} INFO - Started process (PID=1248) to work on /opt/airflow/dags/homework.py
[2022-02-02 04:09:47,838] {processor.py:642} INFO - Processing file /opt/airflow/dags/homework.py for tasks to queue
[2022-02-02 04:09:47,839] {logging_mixin.py:109} INFO - [2022-02-02 04:09:47,838] {dagbag.py:500} INFO - Filling up the DagBag from /opt/airflow/dags/homework.py
[2022-02-02 04:09:48,612] {processor.py:654} INFO - DAG(s) dict_keys(['data_ingestion_gcs_dag_hw']) retrieved from /opt/airflow/dags/homework.py
[2022-02-02 04:09:48,620] {logging_mixin.py:109} INFO - [2022-02-02 04:09:48,620] {dag.py:2396} INFO - Sync 1 DAGs
[2022-02-02 04:09:48,643] {processor.py:171} INFO - Processing /opt/airflow/dags/homework.py took 0.811 seconds
[2022-02-02 04:10:19,060] {processor.py:163} INFO - Started process (PID=1286) to work on /opt/airflow/dags/homework.py
[2022-02-02 04:10:19,061] {processor.py:642} INFO - Processing file /opt/airflow/dags/homework.py for tasks to queue
[2022-02-02 04:10:19,062] {logging_mixin.py:109} INFO - [2022-02-02 04:10:19,062] {dagbag.py:500} INFO - Filling up the DagBag from /opt/airflow/dags/homework.py
[2022-02-02 04:10:19,886] {processor.py:654} INFO - DAG(s) dict_keys(['data_ingestion_gcs_dag_hw']) retrieved from /opt/airflow/dags/homework.py
[2022-02-02 04:10:19,894] {logging_mixin.py:109} INFO - [2022-02-02 04:10:19,894] {dag.py:2396} INFO - Sync 1 DAGs
[2022-02-02 04:10:19,916] {processor.py:171} INFO - Processing /opt/airflow/dags/homework.py took 0.863 seconds
[2022-02-02 04:10:50,007] {processor.py:163} INFO - Started process (PID=1315) to work on /opt/airflow/dags/homework.py
[2022-02-02 04:10:50,009] {processor.py:642} INFO - Processing file /opt/airflow/dags/homework.py for tasks to queue
[2022-02-02 04:10:50,010] {logging_mixin.py:109} INFO - [2022-02-02 04:10:50,010] {dagbag.py:500} INFO - Filling up the DagBag from /opt/airflow/dags/homework.py
[2022-02-02 04:10:50,760] {processor.py:654} INFO - DAG(s) dict_keys(['data_ingestion_gcs_dag_hw']) retrieved from /opt/airflow/dags/homework.py
[2022-02-02 04:10:50,769] {logging_mixin.py:109} INFO - [2022-02-02 04:10:50,769] {dag.py:2396} INFO - Sync 1 DAGs
[2022-02-02 04:10:50,790] {processor.py:171} INFO - Processing /opt/airflow/dags/homework.py took 0.787 seconds
