[2022-01-30 00:25:22,664] {processor.py:163} INFO - Started process (PID=61) to work on /opt/airflow/dags/data_ingestion_gcs_dag.py
[2022-01-30 00:25:22,666] {processor.py:642} INFO - Processing file /opt/airflow/dags/data_ingestion_gcs_dag.py for tasks to queue
[2022-01-30 00:25:22,666] {logging_mixin.py:109} INFO - [2022-01-30 00:25:22,666] {dagbag.py:500} INFO - Filling up the DagBag from /opt/airflow/dags/data_ingestion_gcs_dag.py
[2022-01-30 00:25:40,876] {processor.py:654} INFO - DAG(s) dict_keys(['data_ingestion_gcs_dag']) retrieved from /opt/airflow/dags/data_ingestion_gcs_dag.py
[2022-01-30 00:25:43,199] {logging_mixin.py:109} INFO - [2022-01-30 00:25:43,199] {dag.py:2396} INFO - Sync 1 DAGs
[2022-01-30 00:25:43,273] {processor.py:171} INFO - Processing /opt/airflow/dags/data_ingestion_gcs_dag.py took 20.613 seconds
[2022-01-30 00:26:13,342] {processor.py:163} INFO - Started process (PID=101) to work on /opt/airflow/dags/data_ingestion_gcs_dag.py
[2022-01-30 00:26:13,346] {processor.py:642} INFO - Processing file /opt/airflow/dags/data_ingestion_gcs_dag.py for tasks to queue
[2022-01-30 00:26:13,347] {logging_mixin.py:109} INFO - [2022-01-30 00:26:13,346] {dagbag.py:500} INFO - Filling up the DagBag from /opt/airflow/dags/data_ingestion_gcs_dag.py
[2022-01-30 00:26:14,094] {processor.py:654} INFO - DAG(s) dict_keys(['data_ingestion_gcs_dag']) retrieved from /opt/airflow/dags/data_ingestion_gcs_dag.py
[2022-01-30 00:26:14,102] {logging_mixin.py:109} INFO - [2022-01-30 00:26:14,102] {dag.py:2396} INFO - Sync 1 DAGs
[2022-01-30 00:26:14,122] {processor.py:171} INFO - Processing /opt/airflow/dags/data_ingestion_gcs_dag.py took 0.784 seconds
[2022-01-30 00:26:44,189] {processor.py:163} INFO - Started process (PID=137) to work on /opt/airflow/dags/data_ingestion_gcs_dag.py
[2022-01-30 00:26:44,191] {processor.py:642} INFO - Processing file /opt/airflow/dags/data_ingestion_gcs_dag.py for tasks to queue
[2022-01-30 00:26:44,192] {logging_mixin.py:109} INFO - [2022-01-30 00:26:44,192] {dagbag.py:500} INFO - Filling up the DagBag from /opt/airflow/dags/data_ingestion_gcs_dag.py
[2022-01-30 00:26:44,926] {processor.py:654} INFO - DAG(s) dict_keys(['data_ingestion_gcs_dag']) retrieved from /opt/airflow/dags/data_ingestion_gcs_dag.py
[2022-01-30 00:26:44,934] {logging_mixin.py:109} INFO - [2022-01-30 00:26:44,933] {dag.py:2396} INFO - Sync 1 DAGs
[2022-01-30 00:26:44,954] {processor.py:171} INFO - Processing /opt/airflow/dags/data_ingestion_gcs_dag.py took 0.770 seconds
[2022-01-30 00:27:15,024] {processor.py:163} INFO - Started process (PID=163) to work on /opt/airflow/dags/data_ingestion_gcs_dag.py
[2022-01-30 00:27:15,026] {processor.py:642} INFO - Processing file /opt/airflow/dags/data_ingestion_gcs_dag.py for tasks to queue
[2022-01-30 00:27:15,026] {logging_mixin.py:109} INFO - [2022-01-30 00:27:15,026] {dagbag.py:500} INFO - Filling up the DagBag from /opt/airflow/dags/data_ingestion_gcs_dag.py
[2022-01-30 00:27:15,770] {processor.py:654} INFO - DAG(s) dict_keys(['data_ingestion_gcs_dag']) retrieved from /opt/airflow/dags/data_ingestion_gcs_dag.py
[2022-01-30 00:27:15,778] {logging_mixin.py:109} INFO - [2022-01-30 00:27:15,778] {dag.py:2396} INFO - Sync 1 DAGs
[2022-01-30 00:27:15,799] {processor.py:171} INFO - Processing /opt/airflow/dags/data_ingestion_gcs_dag.py took 0.778 seconds
[2022-01-30 00:27:45,890] {processor.py:163} INFO - Started process (PID=197) to work on /opt/airflow/dags/data_ingestion_gcs_dag.py
[2022-01-30 00:27:45,891] {processor.py:642} INFO - Processing file /opt/airflow/dags/data_ingestion_gcs_dag.py for tasks to queue
[2022-01-30 00:27:45,891] {logging_mixin.py:109} INFO - [2022-01-30 00:27:45,891] {dagbag.py:500} INFO - Filling up the DagBag from /opt/airflow/dags/data_ingestion_gcs_dag.py
[2022-01-30 00:27:46,647] {processor.py:654} INFO - DAG(s) dict_keys(['data_ingestion_gcs_dag']) retrieved from /opt/airflow/dags/data_ingestion_gcs_dag.py
[2022-01-30 00:27:46,655] {logging_mixin.py:109} INFO - [2022-01-30 00:27:46,654] {dag.py:2396} INFO - Sync 1 DAGs
[2022-01-30 00:27:46,677] {processor.py:171} INFO - Processing /opt/airflow/dags/data_ingestion_gcs_dag.py took 0.791 seconds
[2022-01-30 00:28:16,742] {processor.py:163} INFO - Started process (PID=222) to work on /opt/airflow/dags/data_ingestion_gcs_dag.py
[2022-01-30 00:28:16,744] {processor.py:642} INFO - Processing file /opt/airflow/dags/data_ingestion_gcs_dag.py for tasks to queue
[2022-01-30 00:28:16,745] {logging_mixin.py:109} INFO - [2022-01-30 00:28:16,745] {dagbag.py:500} INFO - Filling up the DagBag from /opt/airflow/dags/data_ingestion_gcs_dag.py
[2022-01-30 00:28:17,583] {processor.py:654} INFO - DAG(s) dict_keys(['data_ingestion_gcs_dag']) retrieved from /opt/airflow/dags/data_ingestion_gcs_dag.py
[2022-01-30 00:28:17,596] {logging_mixin.py:109} INFO - [2022-01-30 00:28:17,596] {dag.py:2396} INFO - Sync 1 DAGs
[2022-01-30 00:28:17,627] {processor.py:171} INFO - Processing /opt/airflow/dags/data_ingestion_gcs_dag.py took 0.888 seconds
[2022-01-30 00:28:47,694] {processor.py:163} INFO - Started process (PID=257) to work on /opt/airflow/dags/data_ingestion_gcs_dag.py
[2022-01-30 00:28:47,696] {processor.py:642} INFO - Processing file /opt/airflow/dags/data_ingestion_gcs_dag.py for tasks to queue
[2022-01-30 00:28:47,696] {logging_mixin.py:109} INFO - [2022-01-30 00:28:47,696] {dagbag.py:500} INFO - Filling up the DagBag from /opt/airflow/dags/data_ingestion_gcs_dag.py
[2022-01-30 00:28:48,477] {processor.py:654} INFO - DAG(s) dict_keys(['data_ingestion_gcs_dag']) retrieved from /opt/airflow/dags/data_ingestion_gcs_dag.py
[2022-01-30 00:28:48,486] {logging_mixin.py:109} INFO - [2022-01-30 00:28:48,486] {dag.py:2396} INFO - Sync 1 DAGs
[2022-01-30 00:28:48,508] {processor.py:171} INFO - Processing /opt/airflow/dags/data_ingestion_gcs_dag.py took 0.818 seconds
[2022-01-30 00:29:18,580] {processor.py:163} INFO - Started process (PID=292) to work on /opt/airflow/dags/data_ingestion_gcs_dag.py
[2022-01-30 00:29:18,582] {processor.py:642} INFO - Processing file /opt/airflow/dags/data_ingestion_gcs_dag.py for tasks to queue
[2022-01-30 00:29:18,583] {logging_mixin.py:109} INFO - [2022-01-30 00:29:18,583] {dagbag.py:500} INFO - Filling up the DagBag from /opt/airflow/dags/data_ingestion_gcs_dag.py
[2022-01-30 00:29:19,385] {processor.py:654} INFO - DAG(s) dict_keys(['data_ingestion_gcs_dag']) retrieved from /opt/airflow/dags/data_ingestion_gcs_dag.py
[2022-01-30 00:29:19,394] {logging_mixin.py:109} INFO - [2022-01-30 00:29:19,394] {dag.py:2396} INFO - Sync 1 DAGs
[2022-01-30 00:29:19,414] {processor.py:171} INFO - Processing /opt/airflow/dags/data_ingestion_gcs_dag.py took 0.839 seconds
[2022-01-30 00:30:21,669] {processor.py:163} INFO - Started process (PID=41) to work on /opt/airflow/dags/data_ingestion_gcs_dag.py
[2022-01-30 00:30:21,677] {processor.py:642} INFO - Processing file /opt/airflow/dags/data_ingestion_gcs_dag.py for tasks to queue
[2022-01-30 00:30:21,678] {logging_mixin.py:109} INFO - [2022-01-30 00:30:21,678] {dagbag.py:500} INFO - Filling up the DagBag from /opt/airflow/dags/data_ingestion_gcs_dag.py
[2022-01-30 00:30:24,517] {processor.py:654} INFO - DAG(s) dict_keys(['data_ingestion_gcs_dag']) retrieved from /opt/airflow/dags/data_ingestion_gcs_dag.py
[2022-01-30 00:30:24,529] {logging_mixin.py:109} INFO - [2022-01-30 00:30:24,529] {dag.py:2396} INFO - Sync 1 DAGs
[2022-01-30 00:30:24,559] {processor.py:171} INFO - Processing /opt/airflow/dags/data_ingestion_gcs_dag.py took 2.912 seconds
[2022-01-30 00:30:54,671] {processor.py:163} INFO - Started process (PID=78) to work on /opt/airflow/dags/data_ingestion_gcs_dag.py
[2022-01-30 00:30:54,672] {processor.py:642} INFO - Processing file /opt/airflow/dags/data_ingestion_gcs_dag.py for tasks to queue
[2022-01-30 00:30:54,673] {logging_mixin.py:109} INFO - [2022-01-30 00:30:54,673] {dagbag.py:500} INFO - Filling up the DagBag from /opt/airflow/dags/data_ingestion_gcs_dag.py
[2022-01-30 00:30:55,432] {processor.py:654} INFO - DAG(s) dict_keys(['data_ingestion_gcs_dag']) retrieved from /opt/airflow/dags/data_ingestion_gcs_dag.py
[2022-01-30 00:30:55,440] {logging_mixin.py:109} INFO - [2022-01-30 00:30:55,439] {dag.py:2396} INFO - Sync 1 DAGs
[2022-01-30 00:30:55,461] {processor.py:171} INFO - Processing /opt/airflow/dags/data_ingestion_gcs_dag.py took 0.793 seconds
[2022-01-30 00:31:25,540] {processor.py:163} INFO - Started process (PID=103) to work on /opt/airflow/dags/data_ingestion_gcs_dag.py
[2022-01-30 00:31:25,541] {processor.py:642} INFO - Processing file /opt/airflow/dags/data_ingestion_gcs_dag.py for tasks to queue
[2022-01-30 00:31:25,542] {logging_mixin.py:109} INFO - [2022-01-30 00:31:25,542] {dagbag.py:500} INFO - Filling up the DagBag from /opt/airflow/dags/data_ingestion_gcs_dag.py
[2022-01-30 00:31:26,308] {processor.py:654} INFO - DAG(s) dict_keys(['data_ingestion_gcs_dag']) retrieved from /opt/airflow/dags/data_ingestion_gcs_dag.py
[2022-01-30 00:31:26,316] {logging_mixin.py:109} INFO - [2022-01-30 00:31:26,315] {dag.py:2396} INFO - Sync 1 DAGs
[2022-01-30 00:31:26,339] {processor.py:171} INFO - Processing /opt/airflow/dags/data_ingestion_gcs_dag.py took 0.803 seconds
[2022-01-30 00:31:56,404] {processor.py:163} INFO - Started process (PID=137) to work on /opt/airflow/dags/data_ingestion_gcs_dag.py
[2022-01-30 00:31:56,405] {processor.py:642} INFO - Processing file /opt/airflow/dags/data_ingestion_gcs_dag.py for tasks to queue
[2022-01-30 00:31:56,405] {logging_mixin.py:109} INFO - [2022-01-30 00:31:56,405] {dagbag.py:500} INFO - Filling up the DagBag from /opt/airflow/dags/data_ingestion_gcs_dag.py
[2022-01-30 00:31:57,131] {processor.py:654} INFO - DAG(s) dict_keys(['data_ingestion_gcs_dag']) retrieved from /opt/airflow/dags/data_ingestion_gcs_dag.py
[2022-01-30 00:31:57,139] {logging_mixin.py:109} INFO - [2022-01-30 00:31:57,139] {dag.py:2396} INFO - Sync 1 DAGs
[2022-01-30 00:31:57,154] {logging_mixin.py:109} INFO - [2022-01-30 00:31:57,154] {dag.py:2935} INFO - Setting next_dagrun for data_ingestion_gcs_dag to 2022-01-30T00:00:00+00:00
[2022-01-30 00:31:57,162] {processor.py:171} INFO - Processing /opt/airflow/dags/data_ingestion_gcs_dag.py took 0.762 seconds
[2022-01-30 00:32:27,224] {processor.py:163} INFO - Started process (PID=163) to work on /opt/airflow/dags/data_ingestion_gcs_dag.py
[2022-01-30 00:32:27,225] {processor.py:642} INFO - Processing file /opt/airflow/dags/data_ingestion_gcs_dag.py for tasks to queue
[2022-01-30 00:32:27,226] {logging_mixin.py:109} INFO - [2022-01-30 00:32:27,226] {dagbag.py:500} INFO - Filling up the DagBag from /opt/airflow/dags/data_ingestion_gcs_dag.py
[2022-01-30 00:32:27,948] {processor.py:654} INFO - DAG(s) dict_keys(['data_ingestion_gcs_dag']) retrieved from /opt/airflow/dags/data_ingestion_gcs_dag.py
[2022-01-30 00:32:27,956] {logging_mixin.py:109} INFO - [2022-01-30 00:32:27,955] {dag.py:2396} INFO - Sync 1 DAGs
[2022-01-30 00:32:27,970] {logging_mixin.py:109} INFO - [2022-01-30 00:32:27,970] {dag.py:2935} INFO - Setting next_dagrun for data_ingestion_gcs_dag to 2022-01-30T00:00:00+00:00
[2022-01-30 00:32:27,977] {processor.py:171} INFO - Processing /opt/airflow/dags/data_ingestion_gcs_dag.py took 0.758 seconds
[2022-01-30 00:32:58,093] {processor.py:163} INFO - Started process (PID=197) to work on /opt/airflow/dags/data_ingestion_gcs_dag.py
[2022-01-30 00:32:58,094] {processor.py:642} INFO - Processing file /opt/airflow/dags/data_ingestion_gcs_dag.py for tasks to queue
[2022-01-30 00:32:58,095] {logging_mixin.py:109} INFO - [2022-01-30 00:32:58,095] {dagbag.py:500} INFO - Filling up the DagBag from /opt/airflow/dags/data_ingestion_gcs_dag.py
[2022-01-30 00:32:58,809] {processor.py:654} INFO - DAG(s) dict_keys(['data_ingestion_gcs_dag']) retrieved from /opt/airflow/dags/data_ingestion_gcs_dag.py
[2022-01-30 00:32:58,817] {logging_mixin.py:109} INFO - [2022-01-30 00:32:58,816] {dag.py:2396} INFO - Sync 1 DAGs
[2022-01-30 00:32:58,835] {logging_mixin.py:109} INFO - [2022-01-30 00:32:58,835] {dag.py:2935} INFO - Setting next_dagrun for data_ingestion_gcs_dag to 2022-01-30T00:00:00+00:00
[2022-01-30 00:32:58,843] {processor.py:171} INFO - Processing /opt/airflow/dags/data_ingestion_gcs_dag.py took 0.754 seconds
[2022-01-30 00:33:28,912] {processor.py:163} INFO - Started process (PID=221) to work on /opt/airflow/dags/data_ingestion_gcs_dag.py
[2022-01-30 00:33:28,913] {processor.py:642} INFO - Processing file /opt/airflow/dags/data_ingestion_gcs_dag.py for tasks to queue
[2022-01-30 00:33:28,914] {logging_mixin.py:109} INFO - [2022-01-30 00:33:28,914] {dagbag.py:500} INFO - Filling up the DagBag from /opt/airflow/dags/data_ingestion_gcs_dag.py
[2022-01-30 00:33:29,660] {processor.py:654} INFO - DAG(s) dict_keys(['data_ingestion_gcs_dag']) retrieved from /opt/airflow/dags/data_ingestion_gcs_dag.py
[2022-01-30 00:33:29,669] {logging_mixin.py:109} INFO - [2022-01-30 00:33:29,668] {dag.py:2396} INFO - Sync 1 DAGs
[2022-01-30 00:33:29,683] {logging_mixin.py:109} INFO - [2022-01-30 00:33:29,683] {dag.py:2935} INFO - Setting next_dagrun for data_ingestion_gcs_dag to 2022-01-30T00:00:00+00:00
[2022-01-30 00:33:29,693] {processor.py:171} INFO - Processing /opt/airflow/dags/data_ingestion_gcs_dag.py took 0.785 seconds
[2022-01-30 00:33:59,756] {processor.py:163} INFO - Started process (PID=255) to work on /opt/airflow/dags/data_ingestion_gcs_dag.py
[2022-01-30 00:33:59,757] {processor.py:642} INFO - Processing file /opt/airflow/dags/data_ingestion_gcs_dag.py for tasks to queue
[2022-01-30 00:33:59,757] {logging_mixin.py:109} INFO - [2022-01-30 00:33:59,757] {dagbag.py:500} INFO - Filling up the DagBag from /opt/airflow/dags/data_ingestion_gcs_dag.py
[2022-01-30 00:34:00,474] {processor.py:654} INFO - DAG(s) dict_keys(['data_ingestion_gcs_dag']) retrieved from /opt/airflow/dags/data_ingestion_gcs_dag.py
[2022-01-30 00:34:00,482] {logging_mixin.py:109} INFO - [2022-01-30 00:34:00,482] {dag.py:2396} INFO - Sync 1 DAGs
[2022-01-30 00:34:00,496] {logging_mixin.py:109} INFO - [2022-01-30 00:34:00,495] {dag.py:2935} INFO - Setting next_dagrun for data_ingestion_gcs_dag to 2022-01-30T00:00:00+00:00
[2022-01-30 00:34:00,503] {processor.py:171} INFO - Processing /opt/airflow/dags/data_ingestion_gcs_dag.py took 0.752 seconds
[2022-01-30 00:34:30,529] {processor.py:163} INFO - Started process (PID=292) to work on /opt/airflow/dags/data_ingestion_gcs_dag.py
[2022-01-30 00:34:30,531] {processor.py:642} INFO - Processing file /opt/airflow/dags/data_ingestion_gcs_dag.py for tasks to queue
[2022-01-30 00:34:30,532] {logging_mixin.py:109} INFO - [2022-01-30 00:34:30,531] {dagbag.py:500} INFO - Filling up the DagBag from /opt/airflow/dags/data_ingestion_gcs_dag.py
[2022-01-30 00:34:31,498] {processor.py:654} INFO - DAG(s) dict_keys(['data_ingestion_gcs_dag']) retrieved from /opt/airflow/dags/data_ingestion_gcs_dag.py
[2022-01-30 00:34:31,508] {logging_mixin.py:109} INFO - [2022-01-30 00:34:31,508] {dag.py:2396} INFO - Sync 1 DAGs
[2022-01-30 00:34:31,523] {logging_mixin.py:109} INFO - [2022-01-30 00:34:31,523] {dag.py:2935} INFO - Setting next_dagrun for data_ingestion_gcs_dag to 2022-01-30T00:00:00+00:00
[2022-01-30 00:34:31,532] {processor.py:171} INFO - Processing /opt/airflow/dags/data_ingestion_gcs_dag.py took 1.007 seconds
[2022-01-30 00:35:01,625] {processor.py:163} INFO - Started process (PID=315) to work on /opt/airflow/dags/data_ingestion_gcs_dag.py
[2022-01-30 00:35:01,626] {processor.py:642} INFO - Processing file /opt/airflow/dags/data_ingestion_gcs_dag.py for tasks to queue
[2022-01-30 00:35:01,627] {logging_mixin.py:109} INFO - [2022-01-30 00:35:01,626] {dagbag.py:500} INFO - Filling up the DagBag from /opt/airflow/dags/data_ingestion_gcs_dag.py
[2022-01-30 00:35:02,336] {processor.py:654} INFO - DAG(s) dict_keys(['data_ingestion_gcs_dag']) retrieved from /opt/airflow/dags/data_ingestion_gcs_dag.py
[2022-01-30 00:35:02,344] {logging_mixin.py:109} INFO - [2022-01-30 00:35:02,344] {dag.py:2396} INFO - Sync 1 DAGs
[2022-01-30 00:35:02,357] {logging_mixin.py:109} INFO - [2022-01-30 00:35:02,357] {dag.py:2935} INFO - Setting next_dagrun for data_ingestion_gcs_dag to 2022-01-30T00:00:00+00:00
[2022-01-30 00:35:02,365] {processor.py:171} INFO - Processing /opt/airflow/dags/data_ingestion_gcs_dag.py took 0.744 seconds
[2022-01-30 00:35:32,454] {processor.py:163} INFO - Started process (PID=352) to work on /opt/airflow/dags/data_ingestion_gcs_dag.py
[2022-01-30 00:35:32,458] {processor.py:642} INFO - Processing file /opt/airflow/dags/data_ingestion_gcs_dag.py for tasks to queue
[2022-01-30 00:35:32,459] {logging_mixin.py:109} INFO - [2022-01-30 00:35:32,459] {dagbag.py:500} INFO - Filling up the DagBag from /opt/airflow/dags/data_ingestion_gcs_dag.py
[2022-01-30 00:35:33,570] {processor.py:654} INFO - DAG(s) dict_keys(['data_ingestion_gcs_dag']) retrieved from /opt/airflow/dags/data_ingestion_gcs_dag.py
[2022-01-30 00:35:33,581] {logging_mixin.py:109} INFO - [2022-01-30 00:35:33,580] {dag.py:2396} INFO - Sync 1 DAGs
[2022-01-30 00:35:33,600] {logging_mixin.py:109} INFO - [2022-01-30 00:35:33,600] {dag.py:2935} INFO - Setting next_dagrun for data_ingestion_gcs_dag to 2022-01-30T00:00:00+00:00
[2022-01-30 00:35:33,610] {processor.py:171} INFO - Processing /opt/airflow/dags/data_ingestion_gcs_dag.py took 1.160 seconds
[2022-01-30 00:36:03,685] {processor.py:163} INFO - Started process (PID=375) to work on /opt/airflow/dags/data_ingestion_gcs_dag.py
[2022-01-30 00:36:03,691] {processor.py:642} INFO - Processing file /opt/airflow/dags/data_ingestion_gcs_dag.py for tasks to queue
[2022-01-30 00:36:03,691] {logging_mixin.py:109} INFO - [2022-01-30 00:36:03,691] {dagbag.py:500} INFO - Filling up the DagBag from /opt/airflow/dags/data_ingestion_gcs_dag.py
[2022-01-30 00:36:04,397] {processor.py:654} INFO - DAG(s) dict_keys(['data_ingestion_gcs_dag']) retrieved from /opt/airflow/dags/data_ingestion_gcs_dag.py
[2022-01-30 00:36:04,405] {logging_mixin.py:109} INFO - [2022-01-30 00:36:04,404] {dag.py:2396} INFO - Sync 1 DAGs
[2022-01-30 00:36:04,418] {logging_mixin.py:109} INFO - [2022-01-30 00:36:04,418] {dag.py:2935} INFO - Setting next_dagrun for data_ingestion_gcs_dag to 2022-01-30T00:00:00+00:00
[2022-01-30 00:36:04,424] {processor.py:171} INFO - Processing /opt/airflow/dags/data_ingestion_gcs_dag.py took 0.743 seconds
[2022-01-30 00:36:34,513] {processor.py:163} INFO - Started process (PID=409) to work on /opt/airflow/dags/data_ingestion_gcs_dag.py
[2022-01-30 00:36:34,516] {processor.py:642} INFO - Processing file /opt/airflow/dags/data_ingestion_gcs_dag.py for tasks to queue
[2022-01-30 00:36:34,517] {logging_mixin.py:109} INFO - [2022-01-30 00:36:34,517] {dagbag.py:500} INFO - Filling up the DagBag from /opt/airflow/dags/data_ingestion_gcs_dag.py
[2022-01-30 00:36:35,289] {processor.py:654} INFO - DAG(s) dict_keys(['data_ingestion_gcs_dag']) retrieved from /opt/airflow/dags/data_ingestion_gcs_dag.py
[2022-01-30 00:36:35,297] {logging_mixin.py:109} INFO - [2022-01-30 00:36:35,297] {dag.py:2396} INFO - Sync 1 DAGs
[2022-01-30 00:36:35,310] {logging_mixin.py:109} INFO - [2022-01-30 00:36:35,310] {dag.py:2935} INFO - Setting next_dagrun for data_ingestion_gcs_dag to 2022-01-30T00:00:00+00:00
[2022-01-30 00:36:35,317] {processor.py:171} INFO - Processing /opt/airflow/dags/data_ingestion_gcs_dag.py took 0.808 seconds
[2022-01-30 00:37:05,392] {processor.py:163} INFO - Started process (PID=436) to work on /opt/airflow/dags/data_ingestion_gcs_dag.py
[2022-01-30 00:37:05,394] {processor.py:642} INFO - Processing file /opt/airflow/dags/data_ingestion_gcs_dag.py for tasks to queue
[2022-01-30 00:37:05,395] {logging_mixin.py:109} INFO - [2022-01-30 00:37:05,394] {dagbag.py:500} INFO - Filling up the DagBag from /opt/airflow/dags/data_ingestion_gcs_dag.py
[2022-01-30 00:37:06,097] {processor.py:654} INFO - DAG(s) dict_keys(['data_ingestion_gcs_dag']) retrieved from /opt/airflow/dags/data_ingestion_gcs_dag.py
[2022-01-30 00:37:06,105] {logging_mixin.py:109} INFO - [2022-01-30 00:37:06,104] {dag.py:2396} INFO - Sync 1 DAGs
[2022-01-30 00:37:06,118] {logging_mixin.py:109} INFO - [2022-01-30 00:37:06,118] {dag.py:2935} INFO - Setting next_dagrun for data_ingestion_gcs_dag to 2022-01-30T00:00:00+00:00
[2022-01-30 00:37:06,125] {processor.py:171} INFO - Processing /opt/airflow/dags/data_ingestion_gcs_dag.py took 0.737 seconds
[2022-01-30 00:37:36,187] {processor.py:163} INFO - Started process (PID=472) to work on /opt/airflow/dags/data_ingestion_gcs_dag.py
[2022-01-30 00:37:36,190] {processor.py:642} INFO - Processing file /opt/airflow/dags/data_ingestion_gcs_dag.py for tasks to queue
[2022-01-30 00:37:36,191] {logging_mixin.py:109} INFO - [2022-01-30 00:37:36,191] {dagbag.py:500} INFO - Filling up the DagBag from /opt/airflow/dags/data_ingestion_gcs_dag.py
[2022-01-30 00:37:36,886] {processor.py:654} INFO - DAG(s) dict_keys(['data_ingestion_gcs_dag']) retrieved from /opt/airflow/dags/data_ingestion_gcs_dag.py
[2022-01-30 00:37:36,893] {logging_mixin.py:109} INFO - [2022-01-30 00:37:36,893] {dag.py:2396} INFO - Sync 1 DAGs
[2022-01-30 00:37:36,906] {logging_mixin.py:109} INFO - [2022-01-30 00:37:36,906] {dag.py:2935} INFO - Setting next_dagrun for data_ingestion_gcs_dag to 2022-01-30T00:00:00+00:00
[2022-01-30 00:37:36,913] {processor.py:171} INFO - Processing /opt/airflow/dags/data_ingestion_gcs_dag.py took 0.730 seconds
[2022-01-30 00:38:07,011] {processor.py:163} INFO - Started process (PID=497) to work on /opt/airflow/dags/data_ingestion_gcs_dag.py
[2022-01-30 00:38:07,013] {processor.py:642} INFO - Processing file /opt/airflow/dags/data_ingestion_gcs_dag.py for tasks to queue
[2022-01-30 00:38:07,014] {logging_mixin.py:109} INFO - [2022-01-30 00:38:07,013] {dagbag.py:500} INFO - Filling up the DagBag from /opt/airflow/dags/data_ingestion_gcs_dag.py
[2022-01-30 00:38:07,730] {processor.py:654} INFO - DAG(s) dict_keys(['data_ingestion_gcs_dag']) retrieved from /opt/airflow/dags/data_ingestion_gcs_dag.py
[2022-01-30 00:38:07,737] {logging_mixin.py:109} INFO - [2022-01-30 00:38:07,737] {dag.py:2396} INFO - Sync 1 DAGs
[2022-01-30 00:38:07,750] {logging_mixin.py:109} INFO - [2022-01-30 00:38:07,750] {dag.py:2935} INFO - Setting next_dagrun for data_ingestion_gcs_dag to 2022-01-30T00:00:00+00:00
[2022-01-30 00:38:07,758] {processor.py:171} INFO - Processing /opt/airflow/dags/data_ingestion_gcs_dag.py took 0.750 seconds
[2022-01-30 00:38:37,847] {processor.py:163} INFO - Started process (PID=532) to work on /opt/airflow/dags/data_ingestion_gcs_dag.py
[2022-01-30 00:38:37,849] {processor.py:642} INFO - Processing file /opt/airflow/dags/data_ingestion_gcs_dag.py for tasks to queue
[2022-01-30 00:38:37,849] {logging_mixin.py:109} INFO - [2022-01-30 00:38:37,849] {dagbag.py:500} INFO - Filling up the DagBag from /opt/airflow/dags/data_ingestion_gcs_dag.py
[2022-01-30 00:38:38,615] {processor.py:654} INFO - DAG(s) dict_keys(['data_ingestion_gcs_dag']) retrieved from /opt/airflow/dags/data_ingestion_gcs_dag.py
[2022-01-30 00:38:38,623] {logging_mixin.py:109} INFO - [2022-01-30 00:38:38,622] {dag.py:2396} INFO - Sync 1 DAGs
[2022-01-30 00:38:38,637] {logging_mixin.py:109} INFO - [2022-01-30 00:38:38,636] {dag.py:2935} INFO - Setting next_dagrun for data_ingestion_gcs_dag to 2022-01-30T00:00:00+00:00
[2022-01-30 00:38:38,644] {processor.py:171} INFO - Processing /opt/airflow/dags/data_ingestion_gcs_dag.py took 0.801 seconds
[2022-01-30 00:39:08,708] {processor.py:163} INFO - Started process (PID=555) to work on /opt/airflow/dags/data_ingestion_gcs_dag.py
[2022-01-30 00:39:08,710] {processor.py:642} INFO - Processing file /opt/airflow/dags/data_ingestion_gcs_dag.py for tasks to queue
[2022-01-30 00:39:08,710] {logging_mixin.py:109} INFO - [2022-01-30 00:39:08,710] {dagbag.py:500} INFO - Filling up the DagBag from /opt/airflow/dags/data_ingestion_gcs_dag.py
[2022-01-30 00:39:09,520] {processor.py:654} INFO - DAG(s) dict_keys(['data_ingestion_gcs_dag']) retrieved from /opt/airflow/dags/data_ingestion_gcs_dag.py
[2022-01-30 00:39:09,530] {logging_mixin.py:109} INFO - [2022-01-30 00:39:09,530] {dag.py:2396} INFO - Sync 1 DAGs
[2022-01-30 00:39:09,550] {logging_mixin.py:109} INFO - [2022-01-30 00:39:09,549] {dag.py:2935} INFO - Setting next_dagrun for data_ingestion_gcs_dag to 2022-01-30T00:00:00+00:00
[2022-01-30 00:39:09,559] {processor.py:171} INFO - Processing /opt/airflow/dags/data_ingestion_gcs_dag.py took 0.855 seconds
[2022-01-30 00:39:39,625] {processor.py:163} INFO - Started process (PID=589) to work on /opt/airflow/dags/data_ingestion_gcs_dag.py
[2022-01-30 00:39:39,627] {processor.py:642} INFO - Processing file /opt/airflow/dags/data_ingestion_gcs_dag.py for tasks to queue
[2022-01-30 00:39:39,627] {logging_mixin.py:109} INFO - [2022-01-30 00:39:39,627] {dagbag.py:500} INFO - Filling up the DagBag from /opt/airflow/dags/data_ingestion_gcs_dag.py
[2022-01-30 00:39:40,360] {processor.py:654} INFO - DAG(s) dict_keys(['data_ingestion_gcs_dag']) retrieved from /opt/airflow/dags/data_ingestion_gcs_dag.py
[2022-01-30 00:39:40,368] {logging_mixin.py:109} INFO - [2022-01-30 00:39:40,367] {dag.py:2396} INFO - Sync 1 DAGs
[2022-01-30 00:39:40,381] {logging_mixin.py:109} INFO - [2022-01-30 00:39:40,381] {dag.py:2935} INFO - Setting next_dagrun for data_ingestion_gcs_dag to 2022-01-30T00:00:00+00:00
[2022-01-30 00:39:40,389] {processor.py:171} INFO - Processing /opt/airflow/dags/data_ingestion_gcs_dag.py took 0.768 seconds
[2022-01-30 00:40:10,455] {processor.py:163} INFO - Started process (PID=625) to work on /opt/airflow/dags/data_ingestion_gcs_dag.py
[2022-01-30 00:40:10,457] {processor.py:642} INFO - Processing file /opt/airflow/dags/data_ingestion_gcs_dag.py for tasks to queue
[2022-01-30 00:40:10,458] {logging_mixin.py:109} INFO - [2022-01-30 00:40:10,458] {dagbag.py:500} INFO - Filling up the DagBag from /opt/airflow/dags/data_ingestion_gcs_dag.py
[2022-01-30 00:40:11,308] {processor.py:654} INFO - DAG(s) dict_keys(['data_ingestion_gcs_dag']) retrieved from /opt/airflow/dags/data_ingestion_gcs_dag.py
[2022-01-30 00:40:11,316] {logging_mixin.py:109} INFO - [2022-01-30 00:40:11,316] {dag.py:2396} INFO - Sync 1 DAGs
[2022-01-30 00:40:11,329] {logging_mixin.py:109} INFO - [2022-01-30 00:40:11,329] {dag.py:2935} INFO - Setting next_dagrun for data_ingestion_gcs_dag to 2022-01-30T00:00:00+00:00
[2022-01-30 00:40:11,337] {processor.py:171} INFO - Processing /opt/airflow/dags/data_ingestion_gcs_dag.py took 0.887 seconds
[2022-01-30 00:40:41,423] {processor.py:163} INFO - Started process (PID=649) to work on /opt/airflow/dags/data_ingestion_gcs_dag.py
[2022-01-30 00:40:41,428] {processor.py:642} INFO - Processing file /opt/airflow/dags/data_ingestion_gcs_dag.py for tasks to queue
[2022-01-30 00:40:41,429] {logging_mixin.py:109} INFO - [2022-01-30 00:40:41,429] {dagbag.py:500} INFO - Filling up the DagBag from /opt/airflow/dags/data_ingestion_gcs_dag.py
[2022-01-30 00:40:42,153] {processor.py:654} INFO - DAG(s) dict_keys(['data_ingestion_gcs_dag']) retrieved from /opt/airflow/dags/data_ingestion_gcs_dag.py
[2022-01-30 00:40:42,161] {logging_mixin.py:109} INFO - [2022-01-30 00:40:42,161] {dag.py:2396} INFO - Sync 1 DAGs
[2022-01-30 00:40:42,174] {logging_mixin.py:109} INFO - [2022-01-30 00:40:42,174] {dag.py:2935} INFO - Setting next_dagrun for data_ingestion_gcs_dag to 2022-01-30T00:00:00+00:00
[2022-01-30 00:40:42,182] {processor.py:171} INFO - Processing /opt/airflow/dags/data_ingestion_gcs_dag.py took 0.763 seconds
[2022-01-30 00:41:12,272] {processor.py:163} INFO - Started process (PID=686) to work on /opt/airflow/dags/data_ingestion_gcs_dag.py
[2022-01-30 00:41:12,275] {processor.py:642} INFO - Processing file /opt/airflow/dags/data_ingestion_gcs_dag.py for tasks to queue
[2022-01-30 00:41:12,276] {logging_mixin.py:109} INFO - [2022-01-30 00:41:12,276] {dagbag.py:500} INFO - Filling up the DagBag from /opt/airflow/dags/data_ingestion_gcs_dag.py
[2022-01-30 00:41:13,167] {processor.py:654} INFO - DAG(s) dict_keys(['data_ingestion_gcs_dag']) retrieved from /opt/airflow/dags/data_ingestion_gcs_dag.py
[2022-01-30 00:41:13,174] {logging_mixin.py:109} INFO - [2022-01-30 00:41:13,174] {dag.py:2396} INFO - Sync 1 DAGs
[2022-01-30 00:41:13,188] {logging_mixin.py:109} INFO - [2022-01-30 00:41:13,188] {dag.py:2935} INFO - Setting next_dagrun for data_ingestion_gcs_dag to 2022-01-30T00:00:00+00:00
[2022-01-30 00:41:13,196] {processor.py:171} INFO - Processing /opt/airflow/dags/data_ingestion_gcs_dag.py took 0.930 seconds
[2022-01-30 00:41:43,285] {processor.py:163} INFO - Started process (PID=711) to work on /opt/airflow/dags/data_ingestion_gcs_dag.py
[2022-01-30 00:41:43,287] {processor.py:642} INFO - Processing file /opt/airflow/dags/data_ingestion_gcs_dag.py for tasks to queue
[2022-01-30 00:41:43,288] {logging_mixin.py:109} INFO - [2022-01-30 00:41:43,288] {dagbag.py:500} INFO - Filling up the DagBag from /opt/airflow/dags/data_ingestion_gcs_dag.py
[2022-01-30 00:41:44,030] {processor.py:654} INFO - DAG(s) dict_keys(['data_ingestion_gcs_dag']) retrieved from /opt/airflow/dags/data_ingestion_gcs_dag.py
[2022-01-30 00:41:44,037] {logging_mixin.py:109} INFO - [2022-01-30 00:41:44,037] {dag.py:2396} INFO - Sync 1 DAGs
[2022-01-30 00:41:44,051] {logging_mixin.py:109} INFO - [2022-01-30 00:41:44,050] {dag.py:2935} INFO - Setting next_dagrun for data_ingestion_gcs_dag to 2022-01-30T00:00:00+00:00
[2022-01-30 00:41:44,058] {processor.py:171} INFO - Processing /opt/airflow/dags/data_ingestion_gcs_dag.py took 0.777 seconds
[2022-01-30 00:42:14,126] {processor.py:163} INFO - Started process (PID=746) to work on /opt/airflow/dags/data_ingestion_gcs_dag.py
[2022-01-30 00:42:14,127] {processor.py:642} INFO - Processing file /opt/airflow/dags/data_ingestion_gcs_dag.py for tasks to queue
[2022-01-30 00:42:14,128] {logging_mixin.py:109} INFO - [2022-01-30 00:42:14,128] {dagbag.py:500} INFO - Filling up the DagBag from /opt/airflow/dags/data_ingestion_gcs_dag.py
[2022-01-30 00:42:15,040] {processor.py:654} INFO - DAG(s) dict_keys(['data_ingestion_gcs_dag']) retrieved from /opt/airflow/dags/data_ingestion_gcs_dag.py
[2022-01-30 00:42:15,048] {logging_mixin.py:109} INFO - [2022-01-30 00:42:15,048] {dag.py:2396} INFO - Sync 1 DAGs
[2022-01-30 00:42:15,061] {logging_mixin.py:109} INFO - [2022-01-30 00:42:15,061] {dag.py:2935} INFO - Setting next_dagrun for data_ingestion_gcs_dag to 2022-01-30T00:00:00+00:00
[2022-01-30 00:42:15,069] {processor.py:171} INFO - Processing /opt/airflow/dags/data_ingestion_gcs_dag.py took 0.948 seconds
[2022-01-30 00:42:45,134] {processor.py:163} INFO - Started process (PID=770) to work on /opt/airflow/dags/data_ingestion_gcs_dag.py
[2022-01-30 00:42:45,137] {processor.py:642} INFO - Processing file /opt/airflow/dags/data_ingestion_gcs_dag.py for tasks to queue
[2022-01-30 00:42:45,138] {logging_mixin.py:109} INFO - [2022-01-30 00:42:45,138] {dagbag.py:500} INFO - Filling up the DagBag from /opt/airflow/dags/data_ingestion_gcs_dag.py
[2022-01-30 00:42:45,857] {processor.py:654} INFO - DAG(s) dict_keys(['data_ingestion_gcs_dag']) retrieved from /opt/airflow/dags/data_ingestion_gcs_dag.py
[2022-01-30 00:42:45,864] {logging_mixin.py:109} INFO - [2022-01-30 00:42:45,864] {dag.py:2396} INFO - Sync 1 DAGs
[2022-01-30 00:42:45,877] {logging_mixin.py:109} INFO - [2022-01-30 00:42:45,877] {dag.py:2935} INFO - Setting next_dagrun for data_ingestion_gcs_dag to 2022-01-30T00:00:00+00:00
[2022-01-30 00:42:45,884] {processor.py:171} INFO - Processing /opt/airflow/dags/data_ingestion_gcs_dag.py took 0.755 seconds
[2022-01-30 00:43:15,948] {processor.py:163} INFO - Started process (PID=804) to work on /opt/airflow/dags/data_ingestion_gcs_dag.py
[2022-01-30 00:43:15,950] {processor.py:642} INFO - Processing file /opt/airflow/dags/data_ingestion_gcs_dag.py for tasks to queue
[2022-01-30 00:43:15,951] {logging_mixin.py:109} INFO - [2022-01-30 00:43:15,951] {dagbag.py:500} INFO - Filling up the DagBag from /opt/airflow/dags/data_ingestion_gcs_dag.py
[2022-01-30 00:43:16,719] {processor.py:654} INFO - DAG(s) dict_keys(['data_ingestion_gcs_dag']) retrieved from /opt/airflow/dags/data_ingestion_gcs_dag.py
[2022-01-30 00:43:16,726] {logging_mixin.py:109} INFO - [2022-01-30 00:43:16,726] {dag.py:2396} INFO - Sync 1 DAGs
[2022-01-30 00:43:16,740] {logging_mixin.py:109} INFO - [2022-01-30 00:43:16,740] {dag.py:2935} INFO - Setting next_dagrun for data_ingestion_gcs_dag to 2022-01-30T00:00:00+00:00
[2022-01-30 00:43:16,747] {processor.py:171} INFO - Processing /opt/airflow/dags/data_ingestion_gcs_dag.py took 0.803 seconds
[2022-01-30 00:43:46,840] {processor.py:163} INFO - Started process (PID=828) to work on /opt/airflow/dags/data_ingestion_gcs_dag.py
[2022-01-30 00:43:46,842] {processor.py:642} INFO - Processing file /opt/airflow/dags/data_ingestion_gcs_dag.py for tasks to queue
[2022-01-30 00:43:46,843] {logging_mixin.py:109} INFO - [2022-01-30 00:43:46,843] {dagbag.py:500} INFO - Filling up the DagBag from /opt/airflow/dags/data_ingestion_gcs_dag.py
[2022-01-30 00:43:47,595] {processor.py:654} INFO - DAG(s) dict_keys(['data_ingestion_gcs_dag']) retrieved from /opt/airflow/dags/data_ingestion_gcs_dag.py
[2022-01-30 00:43:47,603] {logging_mixin.py:109} INFO - [2022-01-30 00:43:47,602] {dag.py:2396} INFO - Sync 1 DAGs
[2022-01-30 00:43:47,616] {logging_mixin.py:109} INFO - [2022-01-30 00:43:47,616] {dag.py:2935} INFO - Setting next_dagrun for data_ingestion_gcs_dag to 2022-01-30T00:00:00+00:00
[2022-01-30 00:43:47,625] {processor.py:171} INFO - Processing /opt/airflow/dags/data_ingestion_gcs_dag.py took 0.789 seconds
[2022-01-30 00:44:17,694] {processor.py:163} INFO - Started process (PID=863) to work on /opt/airflow/dags/data_ingestion_gcs_dag.py
[2022-01-30 00:44:17,696] {processor.py:642} INFO - Processing file /opt/airflow/dags/data_ingestion_gcs_dag.py for tasks to queue
[2022-01-30 00:44:17,697] {logging_mixin.py:109} INFO - [2022-01-30 00:44:17,697] {dagbag.py:500} INFO - Filling up the DagBag from /opt/airflow/dags/data_ingestion_gcs_dag.py
[2022-01-30 00:44:18,478] {processor.py:654} INFO - DAG(s) dict_keys(['data_ingestion_gcs_dag']) retrieved from /opt/airflow/dags/data_ingestion_gcs_dag.py
[2022-01-30 00:44:18,486] {logging_mixin.py:109} INFO - [2022-01-30 00:44:18,486] {dag.py:2396} INFO - Sync 1 DAGs
[2022-01-30 00:44:18,500] {logging_mixin.py:109} INFO - [2022-01-30 00:44:18,500] {dag.py:2935} INFO - Setting next_dagrun for data_ingestion_gcs_dag to 2022-01-30T00:00:00+00:00
[2022-01-30 00:44:18,507] {processor.py:171} INFO - Processing /opt/airflow/dags/data_ingestion_gcs_dag.py took 0.817 seconds
[2022-01-30 00:44:48,575] {processor.py:163} INFO - Started process (PID=887) to work on /opt/airflow/dags/data_ingestion_gcs_dag.py
[2022-01-30 00:44:48,577] {processor.py:642} INFO - Processing file /opt/airflow/dags/data_ingestion_gcs_dag.py for tasks to queue
[2022-01-30 00:44:48,577] {logging_mixin.py:109} INFO - [2022-01-30 00:44:48,577] {dagbag.py:500} INFO - Filling up the DagBag from /opt/airflow/dags/data_ingestion_gcs_dag.py
[2022-01-30 00:44:49,344] {processor.py:654} INFO - DAG(s) dict_keys(['data_ingestion_gcs_dag']) retrieved from /opt/airflow/dags/data_ingestion_gcs_dag.py
[2022-01-30 00:44:49,352] {logging_mixin.py:109} INFO - [2022-01-30 00:44:49,352] {dag.py:2396} INFO - Sync 1 DAGs
[2022-01-30 00:44:49,366] {logging_mixin.py:109} INFO - [2022-01-30 00:44:49,366] {dag.py:2935} INFO - Setting next_dagrun for data_ingestion_gcs_dag to 2022-01-30T00:00:00+00:00
[2022-01-30 00:44:49,374] {processor.py:171} INFO - Processing /opt/airflow/dags/data_ingestion_gcs_dag.py took 0.803 seconds
[2022-01-30 00:45:19,435] {processor.py:163} INFO - Started process (PID=922) to work on /opt/airflow/dags/data_ingestion_gcs_dag.py
[2022-01-30 00:45:19,437] {processor.py:642} INFO - Processing file /opt/airflow/dags/data_ingestion_gcs_dag.py for tasks to queue
[2022-01-30 00:45:19,437] {logging_mixin.py:109} INFO - [2022-01-30 00:45:19,437] {dagbag.py:500} INFO - Filling up the DagBag from /opt/airflow/dags/data_ingestion_gcs_dag.py
[2022-01-30 00:45:20,142] {processor.py:654} INFO - DAG(s) dict_keys(['data_ingestion_gcs_dag']) retrieved from /opt/airflow/dags/data_ingestion_gcs_dag.py
[2022-01-30 00:45:20,149] {logging_mixin.py:109} INFO - [2022-01-30 00:45:20,149] {dag.py:2396} INFO - Sync 1 DAGs
[2022-01-30 00:45:20,163] {logging_mixin.py:109} INFO - [2022-01-30 00:45:20,163] {dag.py:2935} INFO - Setting next_dagrun for data_ingestion_gcs_dag to 2022-01-30T00:00:00+00:00
[2022-01-30 00:45:20,170] {processor.py:171} INFO - Processing /opt/airflow/dags/data_ingestion_gcs_dag.py took 0.739 seconds
[2022-01-30 00:45:50,256] {processor.py:163} INFO - Started process (PID=958) to work on /opt/airflow/dags/data_ingestion_gcs_dag.py
[2022-01-30 00:45:50,258] {processor.py:642} INFO - Processing file /opt/airflow/dags/data_ingestion_gcs_dag.py for tasks to queue
[2022-01-30 00:45:50,259] {logging_mixin.py:109} INFO - [2022-01-30 00:45:50,259] {dagbag.py:500} INFO - Filling up the DagBag from /opt/airflow/dags/data_ingestion_gcs_dag.py
[2022-01-30 00:45:50,984] {processor.py:654} INFO - DAG(s) dict_keys(['data_ingestion_gcs_dag']) retrieved from /opt/airflow/dags/data_ingestion_gcs_dag.py
[2022-01-30 00:45:50,992] {logging_mixin.py:109} INFO - [2022-01-30 00:45:50,992] {dag.py:2396} INFO - Sync 1 DAGs
[2022-01-30 00:45:51,006] {logging_mixin.py:109} INFO - [2022-01-30 00:45:51,006] {dag.py:2935} INFO - Setting next_dagrun for data_ingestion_gcs_dag to 2022-01-30T00:00:00+00:00
[2022-01-30 00:45:51,013] {processor.py:171} INFO - Processing /opt/airflow/dags/data_ingestion_gcs_dag.py took 0.760 seconds
[2022-01-30 00:46:21,077] {processor.py:163} INFO - Started process (PID=981) to work on /opt/airflow/dags/data_ingestion_gcs_dag.py
[2022-01-30 00:46:21,078] {processor.py:642} INFO - Processing file /opt/airflow/dags/data_ingestion_gcs_dag.py for tasks to queue
[2022-01-30 00:46:21,078] {logging_mixin.py:109} INFO - [2022-01-30 00:46:21,078] {dagbag.py:500} INFO - Filling up the DagBag from /opt/airflow/dags/data_ingestion_gcs_dag.py
[2022-01-30 00:46:21,784] {processor.py:654} INFO - DAG(s) dict_keys(['data_ingestion_gcs_dag']) retrieved from /opt/airflow/dags/data_ingestion_gcs_dag.py
[2022-01-30 00:46:21,792] {logging_mixin.py:109} INFO - [2022-01-30 00:46:21,792] {dag.py:2396} INFO - Sync 1 DAGs
[2022-01-30 00:46:21,807] {logging_mixin.py:109} INFO - [2022-01-30 00:46:21,807] {dag.py:2935} INFO - Setting next_dagrun for data_ingestion_gcs_dag to 2022-01-30T00:00:00+00:00
[2022-01-30 00:46:21,814] {processor.py:171} INFO - Processing /opt/airflow/dags/data_ingestion_gcs_dag.py took 0.742 seconds
[2022-01-30 00:46:51,883] {processor.py:163} INFO - Started process (PID=1017) to work on /opt/airflow/dags/data_ingestion_gcs_dag.py
[2022-01-30 00:46:51,886] {processor.py:642} INFO - Processing file /opt/airflow/dags/data_ingestion_gcs_dag.py for tasks to queue
[2022-01-30 00:46:51,887] {logging_mixin.py:109} INFO - [2022-01-30 00:46:51,887] {dagbag.py:500} INFO - Filling up the DagBag from /opt/airflow/dags/data_ingestion_gcs_dag.py
[2022-01-30 00:46:52,800] {processor.py:654} INFO - DAG(s) dict_keys(['data_ingestion_gcs_dag']) retrieved from /opt/airflow/dags/data_ingestion_gcs_dag.py
[2022-01-30 00:46:52,811] {logging_mixin.py:109} INFO - [2022-01-30 00:46:52,810] {dag.py:2396} INFO - Sync 1 DAGs
[2022-01-30 00:46:52,831] {logging_mixin.py:109} INFO - [2022-01-30 00:46:52,831] {dag.py:2935} INFO - Setting next_dagrun for data_ingestion_gcs_dag to 2022-01-30T00:00:00+00:00
[2022-01-30 00:46:52,842] {processor.py:171} INFO - Processing /opt/airflow/dags/data_ingestion_gcs_dag.py took 0.964 seconds
[2022-01-30 00:47:22,912] {processor.py:163} INFO - Started process (PID=1042) to work on /opt/airflow/dags/data_ingestion_gcs_dag.py
[2022-01-30 00:47:22,915] {processor.py:642} INFO - Processing file /opt/airflow/dags/data_ingestion_gcs_dag.py for tasks to queue
[2022-01-30 00:47:22,916] {logging_mixin.py:109} INFO - [2022-01-30 00:47:22,916] {dagbag.py:500} INFO - Filling up the DagBag from /opt/airflow/dags/data_ingestion_gcs_dag.py
[2022-01-30 00:47:23,620] {processor.py:654} INFO - DAG(s) dict_keys(['data_ingestion_gcs_dag']) retrieved from /opt/airflow/dags/data_ingestion_gcs_dag.py
[2022-01-30 00:47:23,627] {logging_mixin.py:109} INFO - [2022-01-30 00:47:23,627] {dag.py:2396} INFO - Sync 1 DAGs
[2022-01-30 00:47:23,641] {logging_mixin.py:109} INFO - [2022-01-30 00:47:23,641] {dag.py:2935} INFO - Setting next_dagrun for data_ingestion_gcs_dag to 2022-01-30T00:00:00+00:00
[2022-01-30 00:47:23,648] {processor.py:171} INFO - Processing /opt/airflow/dags/data_ingestion_gcs_dag.py took 0.740 seconds
